This file contains any messages produced by compilers while
running configure, to aid debugging if configure makes a mistake.

It was created by configure, which was
generated by GNU Autoconf 2.69.  Invocation command line was

  $ ./configure --disable-option-checking --prefix=/usr/local --enable-shared --disable-nonshared --cache-file=/dev/null --srcdir=.

## --------- ##
## Platform. ##
## --------- ##

hostname = ubuntu
uname -m = x86_64
uname -r = 4.13.0-41-generic
uname -s = Linux
uname -v = #46~16.04.1-Ubuntu SMP Thu May 3 10:06:43 UTC 2018

/usr/bin/uname -p = unknown
/bin/uname -X     = unknown

/bin/arch              = unknown
/usr/bin/arch -k       = unknown
/usr/convex/getsysinfo = unknown
/usr/bin/hostinfo      = unknown
/bin/machine           = unknown
/usr/bin/oslevel       = unknown
/bin/universe          = unknown

PATH: /home/carr/bin
PATH: /home/carr/.local/bin
PATH: /usr/local/sbin
PATH: /usr/local/bin
PATH: /usr/sbin
PATH: /usr/bin
PATH: /sbin
PATH: /bin
PATH: /usr/games
PATH: /usr/local/games
PATH: /snap/bin
PATH: /usr/lib/jvm/java-8-oracle/bin
PATH: /usr/lib/jvm/java-8-oracle/db/bin
PATH: /usr/lib/jvm/java-8-oracle/jre/bin


## ----------- ##
## Core tests. ##
## ----------- ##

configure:2100: checking for gcc
configure:2116: found /usr/bin/gcc
configure:2127: result: gcc
configure:2356: checking for C compiler version
configure:2365: gcc --version >&5
gcc (Ubuntu 5.4.0-6ubuntu1~16.04.9) 5.4.0 20160609
Copyright (C) 2015 Free Software Foundation, Inc.
This is free software; see the source for copying conditions.  There is NO
warranty; not even for MERCHANTABILITY or FITNESS FOR A PARTICULAR PURPOSE.

configure:2376: $? = 0
configure:2365: gcc -v >&5
Using built-in specs.
COLLECT_GCC=gcc
COLLECT_LTO_WRAPPER=/usr/lib/gcc/x86_64-linux-gnu/5/lto-wrapper
Target: x86_64-linux-gnu
Configured with: ../src/configure -v --with-pkgversion='Ubuntu 5.4.0-6ubuntu1~16.04.9' --with-bugurl=file:///usr/share/doc/gcc-5/README.Bugs --enable-languages=c,ada,c++,java,go,d,fortran,objc,obj-c++ --prefix=/usr --program-suffix=-5 --enable-shared --enable-linker-build-id --libexecdir=/usr/lib --without-included-gettext --enable-threads=posix --libdir=/usr/lib --enable-nls --with-sysroot=/ --enable-clocale=gnu --enable-libstdcxx-debug --enable-libstdcxx-time=yes --with-default-libstdcxx-abi=new --enable-gnu-unique-object --disable-vtable-verify --enable-libmpx --enable-plugin --with-system-zlib --disable-browser-plugin --enable-java-awt=gtk --enable-gtk-cairo --with-java-home=/usr/lib/jvm/java-1.5.0-gcj-5-amd64/jre --enable-java-home --with-jvm-root-dir=/usr/lib/jvm/java-1.5.0-gcj-5-amd64 --with-jvm-jar-dir=/usr/lib/jvm-exports/java-1.5.0-gcj-5-amd64 --with-arch-directory=amd64 --with-ecj-jar=/usr/share/java/eclipse-ecj.jar --enable-objc-gc --enable-multiarch --disable-werror --with-arch-32=i686 --with-abi=m64 --with-multilib-list=m32,m64,mx32 --enable-multilib --with-tune=generic --enable-checking=release --build=x86_64-linux-gnu --host=x86_64-linux-gnu --target=x86_64-linux-gnu
Thread model: posix
gcc version 5.4.0 20160609 (Ubuntu 5.4.0-6ubuntu1~16.04.9) 
configure:2376: $? = 0
configure:2365: gcc -V >&5
gcc: error: unrecognized command line option '-V'
gcc: fatal error: no input files
compilation terminated.
configure:2376: $? = 1
configure:2365: gcc -qversion >&5
gcc: error: unrecognized command line option '-qversion'
gcc: fatal error: no input files
compilation terminated.
configure:2376: $? = 1
configure:2396: checking whether the C compiler works
configure:2418: gcc    conftest.c  >&5
configure:2422: $? = 0
configure:2470: result: yes
configure:2473: checking for C compiler default output file name
configure:2475: result: a.out
configure:2481: checking for suffix of executables
configure:2488: gcc -o conftest    conftest.c  >&5
configure:2492: $? = 0
configure:2514: result: 
configure:2536: checking whether we are cross compiling
configure:2544: gcc -o conftest    conftest.c  >&5
configure:2548: $? = 0
configure:2555: ./conftest
configure:2559: $? = 0
configure:2574: result: no
configure:2579: checking for suffix of object files
configure:2601: gcc -c   conftest.c >&5
configure:2605: $? = 0
configure:2626: result: o
configure:2630: checking whether we are using the GNU C compiler
configure:2649: gcc -c   conftest.c >&5
configure:2649: $? = 0
configure:2658: result: yes
configure:2667: checking whether gcc accepts -g
configure:2687: gcc -c -g  conftest.c >&5
configure:2687: $? = 0
configure:2728: result: yes
configure:2745: checking for gcc option to accept ISO C89
configure:2808: gcc  -c -g -O2  conftest.c >&5
configure:2808: $? = 0
configure:2821: result: none needed
configure:2847: checking how to run the C preprocessor
configure:2878: gcc -E  conftest.c
configure:2878: $? = 0
configure:2892: gcc -E  conftest.c
conftest.c:9:28: fatal error: ac_nonexistent.h: No such file or directory
compilation terminated.
configure:2892: $? = 1
configure: failed program was:
| /* confdefs.h */
| #define PACKAGE_NAME ""
| #define PACKAGE_TARNAME ""
| #define PACKAGE_VERSION ""
| #define PACKAGE_STRING ""
| #define PACKAGE_BUGREPORT ""
| #define PACKAGE_URL ""
| /* end confdefs.h.  */
| #include <ac_nonexistent.h>
configure:2917: result: gcc -E
configure:2937: gcc -E  conftest.c
configure:2937: $? = 0
configure:2951: gcc -E  conftest.c
conftest.c:9:28: fatal error: ac_nonexistent.h: No such file or directory
compilation terminated.
configure:2951: $? = 1
configure: failed program was:
| /* confdefs.h */
| #define PACKAGE_NAME ""
| #define PACKAGE_TARNAME ""
| #define PACKAGE_VERSION ""
| #define PACKAGE_STRING ""
| #define PACKAGE_BUGREPORT ""
| #define PACKAGE_URL ""
| /* end confdefs.h.  */
| #include <ac_nonexistent.h>
configure:2980: checking for grep that handles long lines and -e
configure:3038: result: /bin/grep
configure:3043: checking for egrep
configure:3105: result: /bin/grep -E
configure:3111: checking whether gcc needs -traditional
configure:3145: result: no
configure:3195: checking for a BSD-compatible install
configure:3263: result: /usr/bin/install -c
configure:3317: checking for ranlib
configure:3333: found /usr/bin/ranlib
configure:3344: result: ranlib
configure:3409: checking for ar
configure:3425: found /usr/bin/ar
configure:3436: result: ar
configure:3459: checking for ANSI C header files
configure:3479: gcc -c -g -O2  conftest.c >&5
configure:3479: $? = 0
configure:3552: gcc -o conftest -g -O2   conftest.c  >&5
configure:3552: $? = 0
configure:3552: ./conftest
configure:3552: $? = 0
configure:3563: result: yes
configure:3576: checking for sys/types.h
configure:3576: gcc -c -g -O2  conftest.c >&5
configure:3576: $? = 0
configure:3576: result: yes
configure:3576: checking for sys/stat.h
configure:3576: gcc -c -g -O2  conftest.c >&5
configure:3576: $? = 0
configure:3576: result: yes
configure:3576: checking for stdlib.h
configure:3576: gcc -c -g -O2  conftest.c >&5
configure:3576: $? = 0
configure:3576: result: yes
configure:3576: checking for string.h
configure:3576: gcc -c -g -O2  conftest.c >&5
configure:3576: $? = 0
configure:3576: result: yes
configure:3576: checking for memory.h
configure:3576: gcc -c -g -O2  conftest.c >&5
configure:3576: $? = 0
configure:3576: result: yes
configure:3576: checking for strings.h
configure:3576: gcc -c -g -O2  conftest.c >&5
configure:3576: $? = 0
configure:3576: result: yes
configure:3576: checking for inttypes.h
configure:3576: gcc -c -g -O2  conftest.c >&5
configure:3576: $? = 0
configure:3576: result: yes
configure:3576: checking for stdint.h
configure:3576: gcc -c -g -O2  conftest.c >&5
configure:3576: $? = 0
configure:3576: result: yes
configure:3576: checking for unistd.h
configure:3576: gcc -c -g -O2  conftest.c >&5
configure:3576: $? = 0
configure:3576: result: yes
configure:3591: checking elf.h usability
configure:3591: gcc -c -g -O2  conftest.c >&5
configure:3591: $? = 0
configure:3591: result: yes
configure:3591: checking elf.h presence
configure:3591: gcc -E  conftest.c
configure:3591: $? = 0
configure:3591: result: yes
configure:3591: checking for elf.h
configure:3591: result: yes
configure:3591: checking for unistd.h
configure:3591: result: yes
configure:3591: checking libelf.h usability
configure:3591: gcc -c -g -O2  conftest.c >&5
configure:3591: $? = 0
configure:3591: result: yes
configure:3591: checking libelf.h presence
configure:3591: gcc -E  conftest.c
configure:3591: $? = 0
configure:3591: result: yes
configure:3591: checking for libelf.h
configure:3591: result: yes
configure:3591: checking libelf/libelf.h usability
configure:3591: gcc -c -g -O2  conftest.c >&5
conftest.c:55:27: fatal error: libelf/libelf.h: No such file or directory
compilation terminated.
configure:3591: $? = 1
configure: failed program was:
| /* confdefs.h */
| #define PACKAGE_NAME ""
| #define PACKAGE_TARNAME ""
| #define PACKAGE_VERSION ""
| #define PACKAGE_STRING ""
| #define PACKAGE_BUGREPORT ""
| #define PACKAGE_URL ""
| #define STDC_HEADERS 1
| #define HAVE_SYS_TYPES_H 1
| #define HAVE_SYS_STAT_H 1
| #define HAVE_STDLIB_H 1
| #define HAVE_STRING_H 1
| #define HAVE_MEMORY_H 1
| #define HAVE_STRINGS_H 1
| #define HAVE_INTTYPES_H 1
| #define HAVE_STDINT_H 1
| #define HAVE_UNISTD_H 1
| #define HAVE_ELF_H 1
| #define HAVE_UNISTD_H 1
| #define HAVE_LIBELF_H 1
| /* end confdefs.h.  */
| #include <stdio.h>
| #ifdef HAVE_SYS_TYPES_H
| # include <sys/types.h>
| #endif
| #ifdef HAVE_SYS_STAT_H
| # include <sys/stat.h>
| #endif
| #ifdef STDC_HEADERS
| # include <stdlib.h>
| # include <stddef.h>
| #else
| # ifdef HAVE_STDLIB_H
| #  include <stdlib.h>
| # endif
| #endif
| #ifdef HAVE_STRING_H
| # if !defined STDC_HEADERS && defined HAVE_MEMORY_H
| #  include <memory.h>
| # endif
| # include <string.h>
| #endif
| #ifdef HAVE_STRINGS_H
| # include <strings.h>
| #endif
| #ifdef HAVE_INTTYPES_H
| # include <inttypes.h>
| #endif
| #ifdef HAVE_STDINT_H
| # include <stdint.h>
| #endif
| #ifdef HAVE_UNISTD_H
| # include <unistd.h>
| #endif
| #include <libelf/libelf.h>
configure:3591: result: no
configure:3591: checking libelf/libelf.h presence
configure:3591: gcc -E  conftest.c
conftest.c:22:27: fatal error: libelf/libelf.h: No such file or directory
compilation terminated.
configure:3591: $? = 1
configure: failed program was:
| /* confdefs.h */
| #define PACKAGE_NAME ""
| #define PACKAGE_TARNAME ""
| #define PACKAGE_VERSION ""
| #define PACKAGE_STRING ""
| #define PACKAGE_BUGREPORT ""
| #define PACKAGE_URL ""
| #define STDC_HEADERS 1
| #define HAVE_SYS_TYPES_H 1
| #define HAVE_SYS_STAT_H 1
| #define HAVE_STDLIB_H 1
| #define HAVE_STRING_H 1
| #define HAVE_MEMORY_H 1
| #define HAVE_STRINGS_H 1
| #define HAVE_INTTYPES_H 1
| #define HAVE_STDINT_H 1
| #define HAVE_UNISTD_H 1
| #define HAVE_ELF_H 1
| #define HAVE_UNISTD_H 1
| #define HAVE_LIBELF_H 1
| /* end confdefs.h.  */
| #include <libelf/libelf.h>
configure:3591: result: no
configure:3591: checking for libelf/libelf.h
configure:3591: result: no
configure:3591: checking sgidefs.h usability
configure:3591: gcc -c -g -O2  conftest.c >&5
conftest.c:55:21: fatal error: sgidefs.h: No such file or directory
compilation terminated.
configure:3591: $? = 1
configure: failed program was:
| /* confdefs.h */
| #define PACKAGE_NAME ""
| #define PACKAGE_TARNAME ""
| #define PACKAGE_VERSION ""
| #define PACKAGE_STRING ""
| #define PACKAGE_BUGREPORT ""
| #define PACKAGE_URL ""
| #define STDC_HEADERS 1
| #define HAVE_SYS_TYPES_H 1
| #define HAVE_SYS_STAT_H 1
| #define HAVE_STDLIB_H 1
| #define HAVE_STRING_H 1
| #define HAVE_MEMORY_H 1
| #define HAVE_STRINGS_H 1
| #define HAVE_INTTYPES_H 1
| #define HAVE_STDINT_H 1
| #define HAVE_UNISTD_H 1
| #define HAVE_ELF_H 1
| #define HAVE_UNISTD_H 1
| #define HAVE_LIBELF_H 1
| /* end confdefs.h.  */
| #include <stdio.h>
| #ifdef HAVE_SYS_TYPES_H
| # include <sys/types.h>
| #endif
| #ifdef HAVE_SYS_STAT_H
| # include <sys/stat.h>
| #endif
| #ifdef STDC_HEADERS
| # include <stdlib.h>
| # include <stddef.h>
| #else
| # ifdef HAVE_STDLIB_H
| #  include <stdlib.h>
| # endif
| #endif
| #ifdef HAVE_STRING_H
| # if !defined STDC_HEADERS && defined HAVE_MEMORY_H
| #  include <memory.h>
| # endif
| # include <string.h>
| #endif
| #ifdef HAVE_STRINGS_H
| # include <strings.h>
| #endif
| #ifdef HAVE_INTTYPES_H
| # include <inttypes.h>
| #endif
| #ifdef HAVE_STDINT_H
| # include <stdint.h>
| #endif
| #ifdef HAVE_UNISTD_H
| # include <unistd.h>
| #endif
| #include <sgidefs.h>
configure:3591: result: no
configure:3591: checking sgidefs.h presence
configure:3591: gcc -E  conftest.c
conftest.c:22:21: fatal error: sgidefs.h: No such file or directory
compilation terminated.
configure:3591: $? = 1
configure: failed program was:
| /* confdefs.h */
| #define PACKAGE_NAME ""
| #define PACKAGE_TARNAME ""
| #define PACKAGE_VERSION ""
| #define PACKAGE_STRING ""
| #define PACKAGE_BUGREPORT ""
| #define PACKAGE_URL ""
| #define STDC_HEADERS 1
| #define HAVE_SYS_TYPES_H 1
| #define HAVE_SYS_STAT_H 1
| #define HAVE_STDLIB_H 1
| #define HAVE_STRING_H 1
| #define HAVE_MEMORY_H 1
| #define HAVE_STRINGS_H 1
| #define HAVE_INTTYPES_H 1
| #define HAVE_STDINT_H 1
| #define HAVE_UNISTD_H 1
| #define HAVE_ELF_H 1
| #define HAVE_UNISTD_H 1
| #define HAVE_LIBELF_H 1
| /* end confdefs.h.  */
| #include <sgidefs.h>
configure:3591: result: no
configure:3591: checking for sgidefs.h
configure:3591: result: no
configure:3591: checking for sys/types.h
configure:3591: result: yes
configure:3602: checking where is basic elf data
configure:3608: result: <elf.h>
configure:3627: checking for elf64_getehdr in -lelf
configure:3652: gcc -o conftest -g -O2   conftest.c -lelf   >&5
configure:3652: $? = 0
configure:3661: result: yes
configure:3696: checking compile with -Wall
configure:3707: result: no
configure:3713: checking build -fsanitize-address
configure:3723: result: no
configure:3741: gcc -c -g -O2  conftest.c >&5
conftest.c:25:20: fatal error: stdafx.h: No such file or directory
compilation terminated.
configure:3741: $? = 1
configure: failed program was:
| /* confdefs.h */
| #define PACKAGE_NAME ""
| #define PACKAGE_TARNAME ""
| #define PACKAGE_VERSION ""
| #define PACKAGE_STRING ""
| #define PACKAGE_BUGREPORT ""
| #define PACKAGE_URL ""
| #define STDC_HEADERS 1
| #define HAVE_SYS_TYPES_H 1
| #define HAVE_SYS_STAT_H 1
| #define HAVE_STDLIB_H 1
| #define HAVE_STRING_H 1
| #define HAVE_MEMORY_H 1
| #define HAVE_STRINGS_H 1
| #define HAVE_INTTYPES_H 1
| #define HAVE_STDINT_H 1
| #define HAVE_UNISTD_H 1
| #define HAVE_ELF_H 1
| #define HAVE_UNISTD_H 1
| #define HAVE_LIBELF_H 1
| #define HAVE_SYS_TYPES_H 1
| #define HAVE_LOCATION_OF_LIBELFHEADER <elf.h>
| #define HAVE_ELF64_GETEHDR 1
| /* end confdefs.h.  */
| #include "stdafx.h"
| int
| main ()
| {
|   int p; p = 27;
|   ;
|   return 0;
| }
configure:3759: gcc -c -g -O2  conftest.c >&5
configure:3759: $? = 0
configure:3776: gcc -c -g -O2  conftest.c >&5
conftest.c: In function 'main':
conftest.c:30:1: error: unknown type name '__uint32_t'
 __uint32_t p; p = 3;
 ^
configure:3776: $? = 1
configure: failed program was:
| /* confdefs.h */
| #define PACKAGE_NAME ""
| #define PACKAGE_TARNAME ""
| #define PACKAGE_VERSION ""
| #define PACKAGE_STRING ""
| #define PACKAGE_BUGREPORT ""
| #define PACKAGE_URL ""
| #define STDC_HEADERS 1
| #define HAVE_SYS_TYPES_H 1
| #define HAVE_SYS_STAT_H 1
| #define HAVE_STDLIB_H 1
| #define HAVE_STRING_H 1
| #define HAVE_MEMORY_H 1
| #define HAVE_STRINGS_H 1
| #define HAVE_INTTYPES_H 1
| #define HAVE_STDINT_H 1
| #define HAVE_UNISTD_H 1
| #define HAVE_ELF_H 1
| #define HAVE_UNISTD_H 1
| #define HAVE_LIBELF_H 1
| #define HAVE_SYS_TYPES_H 1
| #define HAVE_LOCATION_OF_LIBELFHEADER <elf.h>
| #define HAVE_ELF64_GETEHDR 1
| #define HAVE_ELF64_R_INFO 1
| /* end confdefs.h.  */
| 
| int
| main ()
| {
| __uint32_t p; p = 3;
|   ;
|   return 0;
| }
configure:3793: gcc -c -g -O2  conftest.c >&5
conftest.c: In function 'main':
conftest.c:30:1: error: unknown type name '__uint64_t'
 __uint64_t p; p = 3;
 ^
configure:3793: $? = 1
configure: failed program was:
| /* confdefs.h */
| #define PACKAGE_NAME ""
| #define PACKAGE_TARNAME ""
| #define PACKAGE_VERSION ""
| #define PACKAGE_STRING ""
| #define PACKAGE_BUGREPORT ""
| #define PACKAGE_URL ""
| #define STDC_HEADERS 1
| #define HAVE_SYS_TYPES_H 1
| #define HAVE_SYS_STAT_H 1
| #define HAVE_STDLIB_H 1
| #define HAVE_STRING_H 1
| #define HAVE_MEMORY_H 1
| #define HAVE_STRINGS_H 1
| #define HAVE_INTTYPES_H 1
| #define HAVE_STDINT_H 1
| #define HAVE_UNISTD_H 1
| #define HAVE_ELF_H 1
| #define HAVE_UNISTD_H 1
| #define HAVE_LIBELF_H 1
| #define HAVE_SYS_TYPES_H 1
| #define HAVE_LOCATION_OF_LIBELFHEADER <elf.h>
| #define HAVE_ELF64_GETEHDR 1
| #define HAVE_ELF64_R_INFO 1
| /* end confdefs.h.  */
| 
| int
| main ()
| {
| __uint64_t p; p = 3;
|   ;
|   return 0;
| }
configure:3810: gcc -c -g -O2  conftest.c >&5
configure:3810: $? = 0
configure:3827: gcc -c -g -O2  conftest.c >&5
configure:3827: $? = 0
configure:3852: gcc -c -g -O2  conftest.c >&5
configure:3852: $? = 0
configure:3859: checking checking if __attribute__ unused compiles ok
configure:3880: gcc -c -g -O2  conftest.c >&5
configure:3880: $? = 0
configure:3884: result: yes
configure:3893: checking checking zlib present 
configure:3915: gcc -c -g -O2  conftest.c >&5
conftest.c:30:18: fatal error: zlib.h: No such file or directory
compilation terminated.
configure:3915: $? = 1
configure: failed program was:
| /* confdefs.h */
| #define PACKAGE_NAME ""
| #define PACKAGE_TARNAME ""
| #define PACKAGE_VERSION ""
| #define PACKAGE_STRING ""
| #define PACKAGE_BUGREPORT ""
| #define PACKAGE_URL ""
| #define STDC_HEADERS 1
| #define HAVE_SYS_TYPES_H 1
| #define HAVE_SYS_STAT_H 1
| #define HAVE_STDLIB_H 1
| #define HAVE_STRING_H 1
| #define HAVE_MEMORY_H 1
| #define HAVE_STRINGS_H 1
| #define HAVE_INTTYPES_H 1
| #define HAVE_STDINT_H 1
| #define HAVE_UNISTD_H 1
| #define HAVE_ELF_H 1
| #define HAVE_UNISTD_H 1
| #define HAVE_LIBELF_H 1
| #define HAVE_SYS_TYPES_H 1
| #define HAVE_LOCATION_OF_LIBELFHEADER <elf.h>
| #define HAVE_ELF64_GETEHDR 1
| #define HAVE_ELF64_R_INFO 1
| #define HAVE___UINT32_T_IN_SYS_TYPES_H 1
| #define HAVE___UINT64_T_IN_SYS_TYPES_H 1
| #define HAVE_REGEX 1
| #define HAVE_UNUSED_ATTRIBUTE 1
| /* end confdefs.h.  */
| #include "zlib.h"
| int
| main ()
| {
| 
|     Bytef dest[100];
|     uLongf destlen = 100;
|     Bytef *src = 0;
|     uLong srclen = 3;
|     int res = uncompress(dest,&destlen,src,srclen);
|     if (res == Z_OK) {
|          /* ALL IS WELL */
|     }
| 
|   ;
|   return 0;
| }
configure:3925: result: no
configure:3952: gcc -c -g -O2  conftest.c >&5
configure:3952: $? = 0
configure:3959: checking is off64_t type supported
configure:3975: gcc -c -g -O2  conftest.c >&5
configure:3975: $? = 0
configure:3979: result: yes
configure:4104: creating ./config.status

## ---------------------- ##
## Running config.status. ##
## ---------------------- ##

This file was extended by config.status, which was
generated by GNU Autoconf 2.69.  Invocation command line was

  CONFIG_FILES    = 
  CONFIG_HEADERS  = 
  CONFIG_LINKS    = 
  CONFIG_COMMANDS = 
  $ ./config.status 

on ubuntu

config.status:821: creating Makefile
config.status:821: creating config.h

## ---------------- ##
## Cache variables. ##
## ---------------- ##

ac_cv_c_compiler_gnu=yes
ac_cv_env_CC_set=
ac_cv_env_CC_value=
ac_cv_env_CFLAGS_set=
ac_cv_env_CFLAGS_value=
ac_cv_env_CPPFLAGS_set=
ac_cv_env_CPPFLAGS_value=
ac_cv_env_CPP_set=
ac_cv_env_CPP_value=
ac_cv_env_LDFLAGS_set=
ac_cv_env_LDFLAGS_value=
ac_cv_env_LIBS_set=
ac_cv_env_LIBS_value=
ac_cv_env_build_alias_set=
ac_cv_env_build_alias_value=
ac_cv_env_host_alias_set=
ac_cv_env_host_alias_value=
ac_cv_env_target_alias_set=
ac_cv_env_target_alias_value=
ac_cv_header_elf_h=yes
ac_cv_header_inttypes_h=yes
ac_cv_header_libelf_h=yes
ac_cv_header_libelf_libelf_h=no
ac_cv_header_memory_h=yes
ac_cv_header_sgidefs_h=no
ac_cv_header_stdc=yes
ac_cv_header_stdint_h=yes
ac_cv_header_stdlib_h=yes
ac_cv_header_string_h=yes
ac_cv_header_strings_h=yes
ac_cv_header_sys_stat_h=yes
ac_cv_header_sys_types_h=yes
ac_cv_header_unistd_h=yes
ac_cv_lib_elf_elf64_getehdr=yes
ac_cv_objext=o
ac_cv_path_EGREP='/bin/grep -E'
ac_cv_path_GREP=/bin/grep
ac_cv_path_install='/usr/bin/install -c'
ac_cv_prog_CPP='gcc -E'
ac_cv_prog_ac_ct_AR=ar
ac_cv_prog_ac_ct_CC=gcc
ac_cv_prog_ac_ct_RANLIB=ranlib
ac_cv_prog_cc_c89=
ac_cv_prog_cc_g=yes
ac_cv_prog_gcc_traditional=no

## ----------------- ##
## Output variables. ##
## ----------------- ##

AR='ar'
CC='gcc'
CFLAGS='-g -O2'
CPP='gcc -E'
CPPFLAGS=''
DEFS='-DHAVE_CONFIG_H'
ECHO_C=''
ECHO_N='-n'
ECHO_T=''
EGREP='/bin/grep -E'
EXEEXT=''
GREP='/bin/grep'
INSTALL_DATA='${INSTALL} -m 644'
INSTALL_PROGRAM='${INSTALL}'
INSTALL_SCRIPT='${INSTALL}'
LDFLAGS=''
LIBOBJS=''
LIBS=''
LTLIBOBJS=''
OBJEXT='o'
PACKAGE_BUGREPORT=''
PACKAGE_NAME=''
PACKAGE_STRING=''
PACKAGE_TARNAME=''
PACKAGE_URL=''
PACKAGE_VERSION=''
PATH_SEPARATOR=':'
RANLIB='ranlib'
SHELL='/bin/bash'
ac_ct_CC='gcc'
bindir='${exec_prefix}/bin'
build_alias=''
build_nonshared='none.a'
datadir='${datarootdir}'
datarootdir='${prefix}/share'
docdir='${datarootdir}/doc/${PACKAGE}'
dvidir='${docdir}'
dwfsanitize=''
dwfwall=''
dwfzlib=''
exec_prefix='${prefix}'
host_alias=''
htmldir='${docdir}'
includedir='${prefix}/include'
infodir='${datarootdir}/info'
libdir='${exec_prefix}/lib'
libexecdir='${exec_prefix}/libexec'
localedir='${datarootdir}/locale'
localstatedir='${prefix}/var'
mandir='${datarootdir}/man'
oldincludedir='/usr/include'
pdfdir='${docdir}'
prefix='/usr/local'
program_transform_name='s,x,x,'
psdir='${docdir}'
runstatedir='${localstatedir}/run'
sbindir='${exec_prefix}/sbin'
sharedstatedir='${prefix}/com'
sysconfdir='${prefix}/etc'
target_alias=''

## ----------- ##
## confdefs.h. ##
## ----------- ##

/* confdefs.h */
#define PACKAGE_NAME ""
#define PACKAGE_TARNAME ""
#define PACKAGE_VERSION ""
#define PACKAGE_STRING ""
#define PACKAGE_BUGREPORT ""
#define PACKAGE_URL ""
#define STDC_HEADERS 1
#define HAVE_SYS_TYPES_H 1
#define HAVE_SYS_STAT_H 1
#define HAVE_STDLIB_H 1
#define HAVE_STRING_H 1
#define HAVE_MEMORY_H 1
#define HAVE_STRINGS_H 1
#define HAVE_INTTYPES_H 1
#define HAVE_STDINT_H 1
#define HAVE_UNISTD_H 1
#define HAVE_ELF_H 1
#define HAVE_UNISTD_H 1
#define HAVE_LIBELF_H 1
#define HAVE_SYS_TYPES_H 1
#define HAVE_LOCATION_OF_LIBELFHEADER <elf.h>
#define HAVE_ELF64_GETEHDR 1
#define HAVE_ELF64_R_INFO 1
#define HAVE___UINT32_T_IN_SYS_TYPES_H 1
#define HAVE___UINT64_T_IN_SYS_TYPES_H 1
#define HAVE_REGEX 1
#define HAVE_UNUSED_ATTRIBUTE 1
#define HAVE_RAW_LIBELF_OK 1
#define HAVE_LIBELF_OFF64_OK 1

configure: exit 0
