Pin: pin-3.6-97554-31f0a167d
Copyright (c) 2003-2017, Intel Corporation. All rights reserved.
 Section header:
 	|Section Name|Type|Address|Size
 Section name: .interp
 	Type: 5
 	Address: 0x0x555555554238
 	Size: 28
 	Record: |.interp|5|0x555555554238|28
 Section name: .note.ABI-tag
 	Type: 5
 	Address: 0x0x555555554254
 	Size: 32
 	Record: |.note.ABI-tag|5|0x555555554254|32
 Section name: .note.gnu.build-id
 	Type: 5
 	Address: 0x0x555555554274
 	Size: 36
 	Record: |.note.gnu.build-id|5|0x555555554274|36
 Section name: .gnu.hash
 	Type: 5
 	Address: 0x0x555555554298
 	Size: 28
 	Record: |.gnu.hash|5|0x555555554298|28
 Section name: .dynsym
 	Type: 16
 	Address: 0x0x5555555542b8
 	Size: 168
 	Record: |.dynsym|16|0x5555555542b8|168
 Section name: .dynstr
 	Type: 20
 	Address: 0x0x555555554360
 	Size: 132
 	Record: |.dynstr|20|0x555555554360|132
 Section name: .gnu.version
 	Type: 5
 	Address: 0x0x5555555543e4
 	Size: 14
 	Record: |.gnu.version|5|0x5555555543e4|14
 Section name: .gnu.version_r
 	Type: 5
 	Address: 0x0x5555555543f8
 	Size: 32
 	Record: |.gnu.version_r|5|0x5555555543f8|32
 Section name: .rela.dyn
 	Type: 2
 	Address: 0x0x555555554418
 	Size: 192
 	Record: |.rela.dyn|2|0x555555554418|192
 Section name: .rela.plt
 	Type: 2
 	Address: 0x0x5555555544d8
 	Size: 24
 	Record: |.rela.plt|2|0x5555555544d8|24
 Section name: .init
 	Type: 4
 	Address: 0x0x5555555544f0
 	Size: 23
 	Record: |.init|4|0x5555555544f0|23
 Section name: .plt
 	Type: 4
 	Address: 0x0x555555554510
 	Size: 32
 	Record: |.plt|4|0x555555554510|32
 Section name: .plt.got
 	Type: 4
 	Address: 0x0x555555554530
 	Size: 8
 	Record: |.plt.got|4|0x555555554530|8
 Section name: .text
 	Type: 4
 	Address: 0x0x555555554540
 	Size: 466
 	Record: |.text|4|0x555555554540|466
 Section name: .fini
 	Type: 4
 	Address: 0x0x555555554714
 	Size: 9
 	Record: |.fini|4|0x555555554714|9
 Section name: .rodata
 	Type: 5
 	Address: 0x0x555555554720
 	Size: 29
 	Record: |.rodata|5|0x555555554720|29
 Section name: .eh_frame_hdr
 	Type: 5
 	Address: 0x0x555555554740
 	Size: 60
 	Record: |.eh_frame_hdr|5|0x555555554740|60
 Section name: .eh_frame
 	Type: 5
 	Address: 0x0x555555554780
 	Size: 264
 	Record: |.eh_frame|5|0x555555554780|264
 Section name: .init_array
 	Type: 5
 	Address: 0x0x555555754db8
 	Size: 8
 	Record: |.init_array|5|0x555555754db8|8
 Section name: .fini_array
 	Type: 5
 	Address: 0x0x555555754dc0
 	Size: 8
 	Record: |.fini_array|5|0x555555754dc0|8
 Section name: .dynamic
 	Type: 6
 	Address: 0x0x555555754dc8
 	Size: 496
 	Record: |.dynamic|6|0x555555754dc8|496
 Section name: .got
 	Type: 8
 	Address: 0x0x555555754fb8
 	Size: 72
 	Record: |.got|8|0x555555754fb8|72
 Section name: .data
 	Type: 5
 	Address: 0x0x555555755000
 	Size: 16
 	Record: |.data|5|0x555555755000|16
 Section name: .bss
 	Type: 18
 	Address: 0x0x555555755010
 	Size: 8
 	Record: |.bss|18|0x555555755010|8
 Section name: .comment
 	Type: 17
 	Address: 0x0x000000000
 	Size: 36
 	Record: |.comment|17|0x0|36
 Section name: .debug_aranges
 	Type: 17
 	Address: 0x0x000000000
 	Size: 48
 	Record: |.debug_aranges|17|0x0|48
 Section name: .debug_info
 	Type: 17
 	Address: 0x0x000000000
 	Size: 851
 	Record: |.debug_info|17|0x0|851
 Section name: .debug_abbrev
 	Type: 17
 	Address: 0x0x000000000
 	Size: 258
 	Record: |.debug_abbrev|17|0x0|258
 Section name: .debug_line
 	Type: 17
 	Address: 0x0x000000000
 	Size: 214
 	Record: |.debug_line|17|0x0|214
 Section name: .debug_str
 	Type: 17
 	Address: 0x0x000000000
 	Size: 681
 	Record: |.debug_str|17|0x0|681
 Section name: .symtab
 	Type: 15
 	Address: 0x0x000000000
 	Size: 1656
 	Record: |.symtab|15|0x0|1656
 Section name: .strtab
 	Type: 19
 	Address: 0x0x000000000
 	Size: 517
 	Record: |.strtab|19|0x0|517
 Section name: .shstrtab
 	Type: 21
 	Address: 0x0x000000000
 	Size: 318
 	Record: |.shstrtab|21|0x0|318
 ASM Record
 	ASM line #: 93824992232688
 	C line #: 0
 	ASM file: __NOASMSOURCE__
 	C file: __NOCSOURCE__
 	Instruction: sub rsp, 0x8

 sub rsp, 0x8
 ASM Record
 	ASM line #: 93824992232692
 	C line #: 0
 	ASM file: __NOASMSOURCE__
 	C file: __NOCSOURCE__
 	Instruction: mov rax, qword ptr [rip+0x200aed]

 mov rax, qword ptr [rip+0x200aed]
 ASM Record
 	ASM line #: 93824992232699
 	C line #: 0
 	ASM file: __NOASMSOURCE__
 	C file: __NOCSOURCE__
 	Instruction: test rax, rax

 test rax, rax
 ASM Record
 	ASM line #: 93824992232702
 	C line #: 0
 	ASM file: __NOASMSOURCE__
 	C file: __NOCSOURCE__
 	Instruction: jz 0x555555554502

 jz 0x555555554502
 ASM Record
 	ASM line #: 93824992232704
 	C line #: 0
 	ASM file: __NOASMSOURCE__
 	C file: __NOCSOURCE__
 	Instruction: call rax

 call rax
 ASM Record
 	ASM line #: 93824992232706
 	C line #: 0
 	ASM file: __NOASMSOURCE__
 	C file: __NOCSOURCE__
 	Instruction: add rsp, 0x8

 add rsp, 0x8
 ASM Record
 	ASM line #: 93824992232710
 	C line #: 0
 	ASM file: __NOASMSOURCE__
 	C file: __NOCSOURCE__
 	Instruction: ret 

 ret 
 ASM Record
 	ASM line #: 93824992232720
 	C line #: 0
 	ASM file: __NOASMSOURCE__
 	C file: __NOCSOURCE__
 	Instruction: push qword ptr [rip+0x200aaa]

 push qword ptr [rip+0x200aaa]
 ASM Record
 	ASM line #: 93824992232726
 	C line #: 0
 	ASM file: __NOASMSOURCE__
 	C file: __NOCSOURCE__
 	Instruction: jmp qword ptr [rip+0x200aac]

 jmp qword ptr [rip+0x200aac]
 ASM Record
 	ASM line #: 93824992232732
 	C line #: 0
 	ASM file: __NOASMSOURCE__
 	C file: __NOCSOURCE__
 	Instruction: nop dword ptr [rax], eax

 nop dword ptr [rax], eax
 ASM Record
 	ASM line #: 93824992232736
 	C line #: 0
 	ASM file: __NOASMSOURCE__
 	C file: __NOCSOURCE__
 	Instruction: jmp qword ptr [rip+0x200aaa]

 jmp qword ptr [rip+0x200aaa]
 ASM Record
 	ASM line #: 93824992232742
 	C line #: 0
 	ASM file: __NOASMSOURCE__
 	C file: __NOCSOURCE__
 	Instruction: push 0x0

 push 0x0
 ASM Record
 	ASM line #: 93824992232747
 	C line #: 0
 	ASM file: __NOASMSOURCE__
 	C file: __NOCSOURCE__
 	Instruction: jmp 0x555555554510

 jmp 0x555555554510
 ASM Record
 	ASM line #: 93824992232752
 	C line #: 0
 	ASM file: __NOASMSOURCE__
 	C file: __NOCSOURCE__
 	Instruction: jmp qword ptr [rip+0x200ac2]

 jmp qword ptr [rip+0x200ac2]
 ASM Record
 	ASM line #: 93824992232758
 	C line #: 0
 	ASM file: __NOASMSOURCE__
 	C file: __NOCSOURCE__
 	Instruction: data16 nop 

 data16 nop 
 ASM Record
 	ASM line #: 93824992232768
 	C line #: 0
 	ASM file: __NOASMSOURCE__
 	C file: __NOCSOURCE__
 	Instruction: xor ebp, ebp

 xor ebp, ebp
 ASM Record
 	ASM line #: 93824992232770
 	C line #: 0
 	ASM file: __NOASMSOURCE__
 	C file: __NOCSOURCE__
 	Instruction: mov r9, rdx

 mov r9, rdx
 ASM Record
 	ASM line #: 93824992232773
 	C line #: 0
 	ASM file: __NOASMSOURCE__
 	C file: __NOCSOURCE__
 	Instruction: pop rsi

 pop rsi
 ASM Record
 	ASM line #: 93824992232774
 	C line #: 0
 	ASM file: __NOASMSOURCE__
 	C file: __NOCSOURCE__
 	Instruction: mov rdx, rsp

 mov rdx, rsp
 ASM Record
 	ASM line #: 93824992232777
 	C line #: 0
 	ASM file: __NOASMSOURCE__
 	C file: __NOCSOURCE__
 	Instruction: and rsp, 0xfffffffffffffff0

 and rsp, 0xfffffffffffffff0
 ASM Record
 	ASM line #: 93824992232781
 	C line #: 0
 	ASM file: __NOASMSOURCE__
 	C file: __NOCSOURCE__
 	Instruction: push rax

 push rax
 ASM Record
 	ASM line #: 93824992232782
 	C line #: 0
 	ASM file: __NOASMSOURCE__
 	C file: __NOCSOURCE__
 	Instruction: push rsp

 push rsp
 ASM Record
 	ASM line #: 93824992232783
 	C line #: 0
 	ASM file: __NOASMSOURCE__
 	C file: __NOCSOURCE__
 	Instruction: lea r8, ptr [rip+0x1ba]

 lea r8, ptr [rip+0x1ba]
 ASM Record
 	ASM line #: 93824992232790
 	C line #: 0
 	ASM file: __NOASMSOURCE__
 	C file: __NOCSOURCE__
 	Instruction: lea rcx, ptr [rip+0x143]

 lea rcx, ptr [rip+0x143]
 ASM Record
 	ASM line #: 93824992232797
 	C line #: 0
 	ASM file: __NOASMSOURCE__
 	C file: __NOCSOURCE__
 	Instruction: lea rdi, ptr [rip+0xe6]

 lea rdi, ptr [rip+0xe6]
 ASM Record
 	ASM line #: 93824992232804
 	C line #: 0
 	ASM file: __NOASMSOURCE__
 	C file: __NOCSOURCE__
 	Instruction: call qword ptr [rip+0x200a76]

 call qword ptr [rip+0x200a76]
 ASM Record
 	ASM line #: 93824992232810
 	C line #: 0
 	ASM file: __NOASMSOURCE__
 	C file: __NOCSOURCE__
 	Instruction: hlt 

 hlt 
 ASM Record
 	ASM line #: 93824992232816
 	C line #: 0
 	ASM file: __NOASMSOURCE__
 	C file: __NOCSOURCE__
 	Instruction: lea rdi, ptr [rip+0x200a99]

 lea rdi, ptr [rip+0x200a99]
 ASM Record
 	ASM line #: 93824992232823
 	C line #: 0
 	ASM file: __NOASMSOURCE__
 	C file: __NOCSOURCE__
 	Instruction: push rbp

 push rbp
 ASM Record
 	ASM line #: 93824992232824
 	C line #: 0
 	ASM file: __NOASMSOURCE__
 	C file: __NOCSOURCE__
 	Instruction: lea rax, ptr [rip+0x200a91]

 lea rax, ptr [rip+0x200a91]
 ASM Record
 	ASM line #: 93824992232831
 	C line #: 0
 	ASM file: __NOASMSOURCE__
 	C file: __NOCSOURCE__
 	Instruction: cmp rax, rdi

 cmp rax, rdi
 ASM Record
 	ASM line #: 93824992232834
 	C line #: 0
 	ASM file: __NOASMSOURCE__
 	C file: __NOCSOURCE__
 	Instruction: mov rbp, rsp

 mov rbp, rsp
 ASM Record
 	ASM line #: 93824992232837
 	C line #: 0
 	ASM file: __NOASMSOURCE__
 	C file: __NOCSOURCE__
 	Instruction: jz 0x5555555545a0

 jz 0x5555555545a0
 ASM Record
 	ASM line #: 93824992232839
 	C line #: 0
 	ASM file: __NOASMSOURCE__
 	C file: __NOCSOURCE__
 	Instruction: mov rax, qword ptr [rip+0x200a4a]

 mov rax, qword ptr [rip+0x200a4a]
 ASM Record
 	ASM line #: 93824992232846
 	C line #: 0
 	ASM file: __NOASMSOURCE__
 	C file: __NOCSOURCE__
 	Instruction: test rax, rax

 test rax, rax
 ASM Record
 	ASM line #: 93824992232849
 	C line #: 0
 	ASM file: __NOASMSOURCE__
 	C file: __NOCSOURCE__
 	Instruction: jz 0x5555555545a0

 jz 0x5555555545a0
 ASM Record
 	ASM line #: 93824992232851
 	C line #: 0
 	ASM file: __NOASMSOURCE__
 	C file: __NOCSOURCE__
 	Instruction: pop rbp

 pop rbp
 ASM Record
 	ASM line #: 93824992232852
 	C line #: 0
 	ASM file: __NOASMSOURCE__
 	C file: __NOCSOURCE__
 	Instruction: jmp rax

 jmp rax
 ASM Record
 	ASM line #: 93824992232854
 	C line #: 0
 	ASM file: __NOASMSOURCE__
 	C file: __NOCSOURCE__
 	Instruction: nop word ptr [rax+rax*1], ax

 nop word ptr [rax+rax*1], ax
 ASM Record
 	ASM line #: 93824992232864
 	C line #: 0
 	ASM file: __NOASMSOURCE__
 	C file: __NOCSOURCE__
 	Instruction: pop rbp

 pop rbp
 ASM Record
 	ASM line #: 93824992232865
 	C line #: 0
 	ASM file: __NOASMSOURCE__
 	C file: __NOCSOURCE__
 	Instruction: ret 

 ret 
 ASM Record
 	ASM line #: 93824992232866
 	C line #: 0
 	ASM file: __NOASMSOURCE__
 	C file: __NOCSOURCE__
 	Instruction: nop dword ptr [rax], eax

 nop dword ptr [rax], eax
 ASM Record
 	ASM line #: 93824992232870
 	C line #: 0
 	ASM file: __NOASMSOURCE__
 	C file: __NOCSOURCE__
 	Instruction: nop word ptr [rax+rax*1], ax

 nop word ptr [rax+rax*1], ax
 ASM Record
 	ASM line #: 93824992232880
 	C line #: 0
 	ASM file: __NOASMSOURCE__
 	C file: __NOCSOURCE__
 	Instruction: lea rdi, ptr [rip+0x200a59]

 lea rdi, ptr [rip+0x200a59]
 ASM Record
 	ASM line #: 93824992232887
 	C line #: 0
 	ASM file: __NOASMSOURCE__
 	C file: __NOCSOURCE__
 	Instruction: lea rsi, ptr [rip+0x200a52]

 lea rsi, ptr [rip+0x200a52]
 ASM Record
 	ASM line #: 93824992232894
 	C line #: 0
 	ASM file: __NOASMSOURCE__
 	C file: __NOCSOURCE__
 	Instruction: push rbp

 push rbp
 ASM Record
 	ASM line #: 93824992232895
 	C line #: 0
 	ASM file: __NOASMSOURCE__
 	C file: __NOCSOURCE__
 	Instruction: sub rsi, rdi

 sub rsi, rdi
 ASM Record
 	ASM line #: 93824992232898
 	C line #: 0
 	ASM file: __NOASMSOURCE__
 	C file: __NOCSOURCE__
 	Instruction: mov rbp, rsp

 mov rbp, rsp
 ASM Record
 	ASM line #: 93824992232901
 	C line #: 0
 	ASM file: __NOASMSOURCE__
 	C file: __NOCSOURCE__
 	Instruction: sar rsi, 0x3

 sar rsi, 0x3
 ASM Record
 	ASM line #: 93824992232905
 	C line #: 0
 	ASM file: __NOASMSOURCE__
 	C file: __NOCSOURCE__
 	Instruction: mov rax, rsi

 mov rax, rsi
 ASM Record
 	ASM line #: 93824992232908
 	C line #: 0
 	ASM file: __NOASMSOURCE__
 	C file: __NOCSOURCE__
 	Instruction: shr rax, 0x3f

 shr rax, 0x3f
 ASM Record
 	ASM line #: 93824992232912
 	C line #: 0
 	ASM file: __NOASMSOURCE__
 	C file: __NOCSOURCE__
 	Instruction: add rsi, rax

 add rsi, rax
 ASM Record
 	ASM line #: 93824992232915
 	C line #: 0
 	ASM file: __NOASMSOURCE__
 	C file: __NOCSOURCE__
 	Instruction: sar rsi, 0x1

 sar rsi, 0x1
 ASM Record
 	ASM line #: 93824992232918
 	C line #: 0
 	ASM file: __NOASMSOURCE__
 	C file: __NOCSOURCE__
 	Instruction: jz 0x5555555545f0

 jz 0x5555555545f0
 ASM Record
 	ASM line #: 93824992232920
 	C line #: 0
 	ASM file: __NOASMSOURCE__
 	C file: __NOCSOURCE__
 	Instruction: mov rax, qword ptr [rip+0x200a11]

 mov rax, qword ptr [rip+0x200a11]
 ASM Record
 	ASM line #: 93824992232927
 	C line #: 0
 	ASM file: __NOASMSOURCE__
 	C file: __NOCSOURCE__
 	Instruction: test rax, rax

 test rax, rax
 ASM Record
 	ASM line #: 93824992232930
 	C line #: 0
 	ASM file: __NOASMSOURCE__
 	C file: __NOCSOURCE__
 	Instruction: jz 0x5555555545f0

 jz 0x5555555545f0
 ASM Record
 	ASM line #: 93824992232932
 	C line #: 0
 	ASM file: __NOASMSOURCE__
 	C file: __NOCSOURCE__
 	Instruction: pop rbp

 pop rbp
 ASM Record
 	ASM line #: 93824992232933
 	C line #: 0
 	ASM file: __NOASMSOURCE__
 	C file: __NOCSOURCE__
 	Instruction: jmp rax

 jmp rax
 ASM Record
 	ASM line #: 93824992232935
 	C line #: 0
 	ASM file: __NOASMSOURCE__
 	C file: __NOCSOURCE__
 	Instruction: nop word ptr [rax+rax*1], ax

 nop word ptr [rax+rax*1], ax
 ASM Record
 	ASM line #: 93824992232944
 	C line #: 0
 	ASM file: __NOASMSOURCE__
 	C file: __NOCSOURCE__
 	Instruction: pop rbp

 pop rbp
 ASM Record
 	ASM line #: 93824992232945
 	C line #: 0
 	ASM file: __NOASMSOURCE__
 	C file: __NOCSOURCE__
 	Instruction: ret 

 ret 
 ASM Record
 	ASM line #: 93824992232946
 	C line #: 0
 	ASM file: __NOASMSOURCE__
 	C file: __NOCSOURCE__
 	Instruction: nop dword ptr [rax], eax

 nop dword ptr [rax], eax
 ASM Record
 	ASM line #: 93824992232950
 	C line #: 0
 	ASM file: __NOASMSOURCE__
 	C file: __NOCSOURCE__
 	Instruction: nop word ptr [rax+rax*1], ax

 nop word ptr [rax+rax*1], ax
 ASM Record
 	ASM line #: 93824992232960
 	C line #: 0
 	ASM file: __NOASMSOURCE__
 	C file: __NOCSOURCE__
 	Instruction: cmp byte ptr [rip+0x200a09], 0x0

 cmp byte ptr [rip+0x200a09], 0x0
 ASM Record
 	ASM line #: 93824992232967
 	C line #: 0
 	ASM file: __NOASMSOURCE__
 	C file: __NOCSOURCE__
 	Instruction: jnz 0x555555554638

 jnz 0x555555554638
 ASM Record
 	ASM line #: 93824992232969
 	C line #: 0
 	ASM file: __NOASMSOURCE__
 	C file: __NOCSOURCE__
 	Instruction: cmp qword ptr [rip+0x2009e7], 0x0

 cmp qword ptr [rip+0x2009e7], 0x0
 ASM Record
 	ASM line #: 93824992232977
 	C line #: 0
 	ASM file: __NOASMSOURCE__
 	C file: __NOCSOURCE__
 	Instruction: push rbp

 push rbp
 ASM Record
 	ASM line #: 93824992232978
 	C line #: 0
 	ASM file: __NOASMSOURCE__
 	C file: __NOCSOURCE__
 	Instruction: mov rbp, rsp

 mov rbp, rsp
 ASM Record
 	ASM line #: 93824992232981
 	C line #: 0
 	ASM file: __NOASMSOURCE__
 	C file: __NOCSOURCE__
 	Instruction: jz 0x555555554623

 jz 0x555555554623
 ASM Record
 	ASM line #: 93824992232983
 	C line #: 0
 	ASM file: __NOASMSOURCE__
 	C file: __NOCSOURCE__
 	Instruction: mov rdi, qword ptr [rip+0x2009ea]

 mov rdi, qword ptr [rip+0x2009ea]
 ASM Record
 	ASM line #: 93824992232990
 	C line #: 0
 	ASM file: __NOASMSOURCE__
 	C file: __NOCSOURCE__
 	Instruction: call 0x555555554530

 Direct call: call 0x555555554530
 call 0x555555554530
 ASM Record
 	ASM line #: 93824992232995
 	C line #: 0
 	ASM file: __NOASMSOURCE__
 	C file: __NOCSOURCE__
 	Instruction: call 0x555555554570

 Direct call: call 0x555555554570
 call 0x555555554570
 ASM Record
 	ASM line #: 93824992233000
 	C line #: 0
 	ASM file: __NOASMSOURCE__
 	C file: __NOCSOURCE__
 	Instruction: mov byte ptr [rip+0x2009e1], 0x1

 mov byte ptr [rip+0x2009e1], 0x1
 ASM Record
 	ASM line #: 93824992233007
 	C line #: 0
 	ASM file: __NOASMSOURCE__
 	C file: __NOCSOURCE__
 	Instruction: pop rbp

 pop rbp
 ASM Record
 	ASM line #: 93824992233008
 	C line #: 0
 	ASM file: __NOASMSOURCE__
 	C file: __NOCSOURCE__
 	Instruction: ret 

 ret 
 ASM Record
 	ASM line #: 93824992233009
 	C line #: 0
 	ASM file: __NOASMSOURCE__
 	C file: __NOCSOURCE__
 	Instruction: nop dword ptr [rax], eax

 nop dword ptr [rax], eax
 ASM Record
 	ASM line #: 93824992233016
 	C line #: 0
 	ASM file: __NOASMSOURCE__
 	C file: __NOCSOURCE__
 	Instruction: ret 

 ret 
 ASM Record
 	ASM line #: 93824992233024
 	C line #: 0
 	ASM file: __NOASMSOURCE__
 	C file: __NOCSOURCE__
 	Instruction: push rbp

 push rbp
 ASM Record
 	ASM line #: 93824992233025
 	C line #: 0
 	ASM file: __NOASMSOURCE__
 	C file: __NOCSOURCE__
 	Instruction: mov rbp, rsp

 mov rbp, rsp
 ASM Record
 	ASM line #: 93824992233028
 	C line #: 0
 	ASM file: __NOASMSOURCE__
 	C file: __NOCSOURCE__
 	Instruction: pop rbp

 pop rbp
 ASM Record
 	ASM line #: 93824992233029
 	C line #: 0
 	ASM file: __NOASMSOURCE__
 	C file: __NOCSOURCE__
 	Instruction: jmp 0x5555555545b0

 jmp 0x5555555545b0
 ASM Record
 	ASM line #: 93824992233034
 	C line #: 3
 	ASM file: /home/carr/vaccs/dynamic_analysis/pin/source/tools/PAS/tests/test1.s
 	C file: /home/carr/vaccs/dynamic_analysis/pin/source/tools/PAS/tests/test1.c
 	Instruction: push rbp

 push rbp
 ASM Record
 	ASM line #: 93824992233035
 	C line #: 3
 	ASM file: /home/carr/vaccs/dynamic_analysis/pin/source/tools/PAS/tests/test1.s
 	C file: /home/carr/vaccs/dynamic_analysis/pin/source/tools/PAS/tests/test1.c
 	Instruction: mov rbp, rsp

 mov rbp, rsp
 ASM Record
 	ASM line #: 93824992233038
 	C line #: 3
 	ASM file: /home/carr/vaccs/dynamic_analysis/pin/source/tools/PAS/tests/test1.s
 	C file: /home/carr/vaccs/dynamic_analysis/pin/source/tools/PAS/tests/test1.c
 	Instruction: sub rsp, 0x10

 sub rsp, 0x10
 ASM Record
 	ASM line #: 93824992233042
 	C line #: 6
 	ASM file: /home/carr/vaccs/dynamic_analysis/pin/source/tools/PAS/tests/test1.s
 	C file: /home/carr/vaccs/dynamic_analysis/pin/source/tools/PAS/tests/test1.c
 	Instruction: lea rax, ptr [rbp-0xc]

 lea rax, ptr [rbp-0xc]
 ASM Record
 	ASM line #: 93824992233046
 	C line #: 6
 	ASM file: /home/carr/vaccs/dynamic_analysis/pin/source/tools/PAS/tests/test1.s
 	C file: /home/carr/vaccs/dynamic_analysis/pin/source/tools/PAS/tests/test1.c
 	Instruction: mov qword ptr [rbp-0x8], rax

 mov qword ptr [rbp-0x8], rax
 ASM Record
 	ASM line #: 93824992233050
 	C line #: 9
 	ASM file: /home/carr/vaccs/dynamic_analysis/pin/source/tools/PAS/tests/test1.s
 	C file: /home/carr/vaccs/dynamic_analysis/pin/source/tools/PAS/tests/test1.c
 	Instruction: mov dword ptr [rip+0x2009b0], 0x1

 mov dword ptr [rip+0x2009b0], 0x1
 ASM Record
 	ASM line #: 93824992233060
 	C line #: 10
 	ASM file: /home/carr/vaccs/dynamic_analysis/pin/source/tools/PAS/tests/test1.s
 	C file: /home/carr/vaccs/dynamic_analysis/pin/source/tools/PAS/tests/test1.c
 	Instruction: mov dword ptr [rbp-0xc], 0x2

 mov dword ptr [rbp-0xc], 0x2
 ASM Record
 	ASM line #: 93824992233067
 	C line #: 11
 	ASM file: /home/carr/vaccs/dynamic_analysis/pin/source/tools/PAS/tests/test1.s
 	C file: /home/carr/vaccs/dynamic_analysis/pin/source/tools/PAS/tests/test1.c
 	Instruction: mov rax, qword ptr [rbp-0x8]

 mov rax, qword ptr [rbp-0x8]
 ASM Record
 	ASM line #: 93824992233071
 	C line #: 11
 	ASM file: /home/carr/vaccs/dynamic_analysis/pin/source/tools/PAS/tests/test1.s
 	C file: /home/carr/vaccs/dynamic_analysis/pin/source/tools/PAS/tests/test1.c
 	Instruction: mov ecx, dword ptr [rax]

 mov ecx, dword ptr [rax]
 ASM Record
 	ASM line #: 93824992233073
 	C line #: 11
 	ASM file: /home/carr/vaccs/dynamic_analysis/pin/source/tools/PAS/tests/test1.s
 	C file: /home/carr/vaccs/dynamic_analysis/pin/source/tools/PAS/tests/test1.c
 	Instruction: mov edx, dword ptr [rbp-0xc]

 mov edx, dword ptr [rbp-0xc]
 ASM Record
 	ASM line #: 93824992233076
 	C line #: 11
 	ASM file: /home/carr/vaccs/dynamic_analysis/pin/source/tools/PAS/tests/test1.s
 	C file: /home/carr/vaccs/dynamic_analysis/pin/source/tools/PAS/tests/test1.c
 	Instruction: mov eax, dword ptr [rip+0x20099a]

 mov eax, dword ptr [rip+0x20099a]
 ASM Record
 	ASM line #: 93824992233082
 	C line #: 11
 	ASM file: /home/carr/vaccs/dynamic_analysis/pin/source/tools/PAS/tests/test1.s
 	C file: /home/carr/vaccs/dynamic_analysis/pin/source/tools/PAS/tests/test1.c
 	Instruction: mov esi, eax

 mov esi, eax
 ASM Record
 	ASM line #: 93824992233084
 	C line #: 11
 	ASM file: /home/carr/vaccs/dynamic_analysis/pin/source/tools/PAS/tests/test1.s
 	C file: /home/carr/vaccs/dynamic_analysis/pin/source/tools/PAS/tests/test1.c
 	Instruction: lea rdi, ptr [rip+0xa1]

 lea rdi, ptr [rip+0xa1]
 ASM Record
 	ASM line #: 93824992233091
 	C line #: 11
 	ASM file: /home/carr/vaccs/dynamic_analysis/pin/source/tools/PAS/tests/test1.s
 	C file: /home/carr/vaccs/dynamic_analysis/pin/source/tools/PAS/tests/test1.c
 	Instruction: mov eax, 0x0

 mov eax, 0x0
 ASM Record
 	ASM line #: 93824992233096
 	C line #: 11
 	ASM file: /home/carr/vaccs/dynamic_analysis/pin/source/tools/PAS/tests/test1.s
 	C file: /home/carr/vaccs/dynamic_analysis/pin/source/tools/PAS/tests/test1.c
 	Instruction: call 0x555555554520

 Direct call: call 0x555555554520
 call 0x555555554520
 ASM Record
 	ASM line #: 93824992233101
 	C line #: 11
 	ASM file: /home/carr/vaccs/dynamic_analysis/pin/source/tools/PAS/tests/test1.s
 	C file: /home/carr/vaccs/dynamic_analysis/pin/source/tools/PAS/tests/test1.c
 	Instruction: mov eax, 0x0

 mov eax, 0x0
 ASM Record
 	ASM line #: 93824992233106
 	C line #: 12
 	ASM file: /home/carr/vaccs/dynamic_analysis/pin/source/tools/PAS/tests/test1.s
 	C file: /home/carr/vaccs/dynamic_analysis/pin/source/tools/PAS/tests/test1.c
 	Instruction: leave 

 leave 
 ASM Record
 	ASM line #: 93824992233107
 	C line #: 12
 	ASM file: /home/carr/vaccs/dynamic_analysis/pin/source/tools/PAS/tests/test1.s
 	C file: /home/carr/vaccs/dynamic_analysis/pin/source/tools/PAS/tests/test1.c
 	Instruction: ret 

 ret 
 ASM Record
 	ASM line #: 93824992233120
 	C line #: 0
 	ASM file: __NOASMSOURCE__
 	C file: __NOCSOURCE__
 	Instruction: push r15

 push r15
 ASM Record
 	ASM line #: 93824992233122
 	C line #: 0
 	ASM file: __NOASMSOURCE__
 	C file: __NOCSOURCE__
 	Instruction: push r14

 push r14
 ASM Record
 	ASM line #: 93824992233124
 	C line #: 0
 	ASM file: __NOASMSOURCE__
 	C file: __NOCSOURCE__
 	Instruction: mov r15, rdx

 mov r15, rdx
 ASM Record
 	ASM line #: 93824992233127
 	C line #: 0
 	ASM file: __NOASMSOURCE__
 	C file: __NOCSOURCE__
 	Instruction: push r13

 push r13
 ASM Record
 	ASM line #: 93824992233129
 	C line #: 0
 	ASM file: __NOASMSOURCE__
 	C file: __NOCSOURCE__
 	Instruction: push r12

 push r12
 ASM Record
 	ASM line #: 93824992233131
 	C line #: 0
 	ASM file: __NOASMSOURCE__
 	C file: __NOCSOURCE__
 	Instruction: lea r12, ptr [rip+0x200706]

 lea r12, ptr [rip+0x200706]
 ASM Record
 	ASM line #: 93824992233138
 	C line #: 0
 	ASM file: __NOASMSOURCE__
 	C file: __NOCSOURCE__
 	Instruction: push rbp

 push rbp
 ASM Record
 	ASM line #: 93824992233139
 	C line #: 0
 	ASM file: __NOASMSOURCE__
 	C file: __NOCSOURCE__
 	Instruction: lea rbp, ptr [rip+0x200706]

 lea rbp, ptr [rip+0x200706]
 ASM Record
 	ASM line #: 93824992233146
 	C line #: 0
 	ASM file: __NOASMSOURCE__
 	C file: __NOCSOURCE__
 	Instruction: push rbx

 push rbx
 ASM Record
 	ASM line #: 93824992233147
 	C line #: 0
 	ASM file: __NOASMSOURCE__
 	C file: __NOCSOURCE__
 	Instruction: mov r13d, edi

 mov r13d, edi
 ASM Record
 	ASM line #: 93824992233150
 	C line #: 0
 	ASM file: __NOASMSOURCE__
 	C file: __NOCSOURCE__
 	Instruction: mov r14, rsi

 mov r14, rsi
 ASM Record
 	ASM line #: 93824992233153
 	C line #: 0
 	ASM file: __NOASMSOURCE__
 	C file: __NOCSOURCE__
 	Instruction: sub rbp, r12

 sub rbp, r12
 ASM Record
 	ASM line #: 93824992233156
 	C line #: 0
 	ASM file: __NOASMSOURCE__
 	C file: __NOCSOURCE__
 	Instruction: sub rsp, 0x8

 sub rsp, 0x8
 ASM Record
 	ASM line #: 93824992233160
 	C line #: 0
 	ASM file: __NOASMSOURCE__
 	C file: __NOCSOURCE__
 	Instruction: sar rbp, 0x3

 sar rbp, 0x3
 ASM Record
 	ASM line #: 93824992233164
 	C line #: 0
 	ASM file: __NOASMSOURCE__
 	C file: __NOCSOURCE__
 	Instruction: call 0x5555555544f0

 Direct call: call 0x5555555544f0
 call 0x5555555544f0
 ASM Record
 	ASM line #: 93824992233169
 	C line #: 0
 	ASM file: __NOASMSOURCE__
 	C file: __NOCSOURCE__
 	Instruction: test rbp, rbp

 test rbp, rbp
 ASM Record
 	ASM line #: 93824992233172
 	C line #: 0
 	ASM file: __NOASMSOURCE__
 	C file: __NOCSOURCE__
 	Instruction: jz 0x5555555546f6

 jz 0x5555555546f6
 ASM Record
 	ASM line #: 93824992233174
 	C line #: 0
 	ASM file: __NOASMSOURCE__
 	C file: __NOCSOURCE__
 	Instruction: xor ebx, ebx

 xor ebx, ebx
 ASM Record
 	ASM line #: 93824992233176
 	C line #: 0
 	ASM file: __NOASMSOURCE__
 	C file: __NOCSOURCE__
 	Instruction: nop dword ptr [rax+rax*1], eax

 nop dword ptr [rax+rax*1], eax
 ASM Record
 	ASM line #: 93824992233184
 	C line #: 0
 	ASM file: __NOASMSOURCE__
 	C file: __NOCSOURCE__
 	Instruction: mov rdx, r15

 mov rdx, r15
 ASM Record
 	ASM line #: 93824992233187
 	C line #: 0
 	ASM file: __NOASMSOURCE__
 	C file: __NOCSOURCE__
 	Instruction: mov rsi, r14

 mov rsi, r14
 ASM Record
 	ASM line #: 93824992233190
 	C line #: 0
 	ASM file: __NOASMSOURCE__
 	C file: __NOCSOURCE__
 	Instruction: mov edi, r13d

 mov edi, r13d
 ASM Record
 	ASM line #: 93824992233193
 	C line #: 0
 	ASM file: __NOASMSOURCE__
 	C file: __NOCSOURCE__
 	Instruction: call qword ptr [r12+rbx*8]

 call qword ptr [r12+rbx*8]
 ASM Record
 	ASM line #: 93824992233197
 	C line #: 0
 	ASM file: __NOASMSOURCE__
 	C file: __NOCSOURCE__
 	Instruction: add rbx, 0x1

 add rbx, 0x1
 ASM Record
 	ASM line #: 93824992233201
 	C line #: 0
 	ASM file: __NOASMSOURCE__
 	C file: __NOCSOURCE__
 	Instruction: cmp rbp, rbx

 cmp rbp, rbx
 ASM Record
 	ASM line #: 93824992233204
 	C line #: 0
 	ASM file: __NOASMSOURCE__
 	C file: __NOCSOURCE__
 	Instruction: jnz 0x5555555546e0

 jnz 0x5555555546e0
 ASM Record
 	ASM line #: 93824992233206
 	C line #: 0
 	ASM file: __NOASMSOURCE__
 	C file: __NOCSOURCE__
 	Instruction: add rsp, 0x8

 add rsp, 0x8
 ASM Record
 	ASM line #: 93824992233210
 	C line #: 0
 	ASM file: __NOASMSOURCE__
 	C file: __NOCSOURCE__
 	Instruction: pop rbx

 pop rbx
 ASM Record
 	ASM line #: 93824992233211
 	C line #: 0
 	ASM file: __NOASMSOURCE__
 	C file: __NOCSOURCE__
 	Instruction: pop rbp

 pop rbp
 ASM Record
 	ASM line #: 93824992233212
 	C line #: 0
 	ASM file: __NOASMSOURCE__
 	C file: __NOCSOURCE__
 	Instruction: pop r12

 pop r12
 ASM Record
 	ASM line #: 93824992233214
 	C line #: 0
 	ASM file: __NOASMSOURCE__
 	C file: __NOCSOURCE__
 	Instruction: pop r13

 pop r13
 ASM Record
 	ASM line #: 93824992233216
 	C line #: 0
 	ASM file: __NOASMSOURCE__
 	C file: __NOCSOURCE__
 	Instruction: pop r14

 pop r14
 ASM Record
 	ASM line #: 93824992233218
 	C line #: 0
 	ASM file: __NOASMSOURCE__
 	C file: __NOCSOURCE__
 	Instruction: pop r15

 pop r15
 ASM Record
 	ASM line #: 93824992233220
 	C line #: 0
 	ASM file: __NOASMSOURCE__
 	C file: __NOCSOURCE__
 	Instruction: ret 

 ret 
 ASM Record
 	ASM line #: 93824992233232
 	C line #: 0
 	ASM file: __NOASMSOURCE__
 	C file: __NOCSOURCE__
 	Instruction: ret 

 ret 
 ASM Record
 	ASM line #: 93824992233236
 	C line #: 0
 	ASM file: __NOASMSOURCE__
 	C file: __NOCSOURCE__
 	Instruction: sub rsp, 0x8

 sub rsp, 0x8
 ASM Record
 	ASM line #: 93824992233240
 	C line #: 0
 	ASM file: __NOASMSOURCE__
 	C file: __NOCSOURCE__
 	Instruction: add rsp, 0x8

 add rsp, 0x8
 ASM Record
 	ASM line #: 93824992233244
 	C line #: 0
 	ASM file: __NOASMSOURCE__
 	C file: __NOCSOURCE__
 	Instruction: ret 

 ret 
 enter
 malloc(1425)
  returns 0x7ffff7ffe170
 enter
 malloc(1169)
  returns 0x7ffff7ffe710
 enter
 malloc(16)
  returns 0x7ffff7ffebb0
 enter
 malloc(157)
  returns 0x7ffff7ffebc0
 enter
 malloc(40)
  returns 0x7ffff7ffec60
 enter
 malloc(320)
  returns 0x7ffff7ffec90
 enter
 malloc(32)
  returns 0x7ffff7ffedd0
 enter
 malloc(1178)
  returns 0x7fffe4732000
 enter
 malloc(32)
  returns 0x7fffe47324a0
 enter
 malloc(40)
  returns 0x7fffe47324c0
 enter
 malloc(56)
  returns 0x7fffe47324f0
 enter
 malloc(72)
  returns 0x7fffe4732530
 enter
 malloc(72)
  returns 0x7fffe4732580
 enter
 malloc(768)
  returns 0x7fffe47325d0
 enter
 malloc(144)
  returns 0x7fffe47328d0
 enter
 malloc(1040)
  returns 0x7fffe4732960
 enter
 malloc(4232)
  returns 0x7fffe4732d70
 enter
 malloc(272)
  returns 0x7fffe4733e00
 Function Call to _start
 after push stack size:1
 Invocation ID:0function _start was called.
 Frame pointer was 0x000000000
 Getting frame pointer for _start
 Call to function
 	Event num: 0
 	Function name: _start
 	Func line: 0
 	Inv line: 0
 	Func file: 
 	Inv file: __NOFUNCTIONNAME__
 	Callee address: 0x555555554540

 Return address
 	Function name: main
 	Dynamic link: 0x000000000
 	Return address: 0x000000000
 Enter AfterRegMod Checking values Register Record
 	Event num: 2
 	Line #: 0
 	File: __NOCSOURCE__
 	Register: ebp
 	Value: 0x0x000000000
 Enter AfterRegMod Checking values Register Record
 	Event num: 3
 	Line #: 0
 	File: __NOCSOURCE__
 	Register: rflags
 	Value: 0x0x000000246
 Enter AfterRegMod Checking values Register Record
 	Event num: 4
 	Line #: 0
 	File: __NOCSOURCE__
 	Register: r9
 	Value: 0x0x7ffff7de59a0
 0x555555554545R 0x7fffffffdcd0 8
 line number 0
 value before read : 0x1  0x0  0x0  0x0  0x0  0x0  0x0  0x0  Invocation ID:0function _start was called. Frame pointer was 0x000000000
 Before pop: SP = 0x7fffffffdcd0
 Enter AfterRegMod Checking values Register Record
 	Event num: 7
 	Line #: 0
 	File: __NOCSOURCE__
 	Register: rsi
 	Value: 0x0x000000001
 Enter AfterRegMod Checking values Register Record
 	Event num: 8
 	Line #: 0
 	File: __NOCSOURCE__
 	Register: rsp
 	Value: 0x0x7fffffffdcd8
 After pop: SP = 0x7fffffffdcd8
 Enter AfterRegMod Checking values Register Record
 	Event num: 9
 	Line #: 0
 	File: __NOCSOURCE__
 	Register: rdx
 	Value: 0x0x7fffffffdcd8
 Enter AfterRegMod Checking values Register Record
 	Event num: 10
 	Line #: 0
 	File: __NOCSOURCE__
 	Register: rsp
 	Value: 0x0x7fffffffdcd0
 Enter AfterRegMod Checking values Register Record
 	Event num: 11
 	Line #: 0
 	File: __NOCSOURCE__
 	Register: rflags
 	Value: 0x0x000000202
 0x55555555454d: W 0x7fffffffdcc8 8
 value before write : 0xca  0x60  0xdd  0xf7  0xff  0x7f  0x0  0x0  
 Before push: SP = 0x7fffffffdcd0
 Enter AfterRegMod Checking values Register Record
 	Event num: 14
 	Line #: 0
 	File: __NOCSOURCE__
 	Register: rsp
 	Value: 0x0x7fffffffdcc8
 value after write : 0x0  0x0  0x0  0x0  0x0  0x0  0x0  0x0  
 In cu_table::translate_address_to_variable
 Checking cu /home/carr/vaccs/dynamic_analysis/pin/source/tools/PAS/tests/test1.c
 Check if pc = 0x55555555454d is between 0x00000064a and 0x000000694
 Checking global variable a if at address 0x7fffffffdcc0 Enter is_at_address
 trec = 0x7ffff7d7f240
type name = int
 Getting base address for a global
 var_addr: 0x000201014 mem_addr: 0x7fffffffdcc0 size: 4
 Checking global variable main if at address 0x7fffffffdcc0 address 0x7fffffffdcc0 is not a program variable
 After push: SP = 0x7fffffffdcc8
 0x55555555454e: W 0x7fffffffdcc0 8
 value before write : 0x0  0x0  0x0  0x0  0x0  0x0  0x0  0x0  
 Before push: SP = 0x7fffffffdcc8
 Enter AfterRegMod Checking values Register Record
 	Event num: 17
 	Line #: 0
 	File: __NOCSOURCE__
 	Register: rsp
 	Value: 0x0x7fffffffdcc0
 value after write : 0x0  0x0  0x0  0x0  0x0  0x0  0x0  0x0  
 In cu_table::translate_address_to_variable
 Checking cu /home/carr/vaccs/dynamic_analysis/pin/source/tools/PAS/tests/test1.c
 Check if pc = 0x55555555454e is between 0x00000064a and 0x000000694
 Checking global variable a if at address 0x7fffffffdcb8 Enter is_at_address
 trec = 0x7ffff7d7f240
type name = int
 Getting base address for a global
 var_addr: 0x000201014 mem_addr: 0x7fffffffdcb8 size: 4
 Checking global variable main if at address 0x7fffffffdcb8 address 0x7fffffffdcb8 is not a program variable
 After push: SP = 0x7fffffffdcc0
 Enter AfterRegMod Checking values Register Record
 	Event num: 18
 	Line #: 0
 	File: __NOCSOURCE__
 	Register: r8
 	Value: 0x0x555555554710
 Enter AfterRegMod Checking values Register Record
 	Event num: 19
 	Line #: 0
 	File: __NOCSOURCE__
 	Register: rcx
 	Value: 0x0x5555555546a0
 Enter AfterRegMod Checking values Register Record
 	Event num: 20
 	Line #: 0
 	File: __NOCSOURCE__
 	Register: rdi
 	Value: 0x0x55555555464a
 0x555555554564R 0x555555754fe0 8
 line number 0
 value before read : 0xb0  0x7a  0x34  0xe4  0xff  0x7f  0x0  0x0  Invocation ID:0function _start was called. Frame pointer was 0x000000000
 0x555555554564: W 0x7fffffffdcb8 8
 value before write : 0x0  0x0  0x0  0x0  0x0  0x0  0x0  0x0  
 Enter AfterRegMod Checking values Register Record
 	Event num: 23
 	Line #: 0
 	File: __NOCSOURCE__
 	Register: rip
 	Value: 0x0x7fffe4347ab0
 Enter AfterRegMod Checking values Register Record
 	Event num: 24
 	Line #: 0
 	File: __NOCSOURCE__
 	Register: rsp
 	Value: 0x0x7fffffffdcb8
 value after write : 0xd0  0xdc  0xff  0xff  0xff  0x7f  0x0  0x0  
 In cu_table::translate_address_to_variable
 Checking cu /home/carr/vaccs/dynamic_analysis/pin/source/tools/PAS/tests/test1.c
 Check if pc = 0x555555554564 is between 0x00000064a and 0x000000694
 Checking global variable a if at address 0x7fffffffdcb0 Enter is_at_address
 trec = 0x7ffff7d7f240
type name = int
 Getting base address for a global
 var_addr: 0x000201014 mem_addr: 0x7fffffffdcb0 size: 4
 Checking global variable main if at address 0x7fffffffdcb0 address 0x7fffffffdcb0 is not a program variable
 Function Call to __libc_csu_init
 after push stack size:2
 Invocation ID:25function __libc_csu_init was called.
 Frame pointer was 0x5555555546a0
 Getting frame pointer for __libc_csu_init
 Call to function
 	Event num: 25
 	Function name: __libc_csu_init
 	Func line: 0
 	Inv line: 0
 	Func file: 
 	Inv file: __NOFUNCTIONNAME__
 	Callee address: 0x5555555546a0

 Return address
 	Function name: main
 	Dynamic link: 0x000000000
 	Return address: 0x000000000
 0x5555555546a0: W 0x7fffffffdbf0 8
 value before write : 0xd0  0xdc  0xff  0xff  0xff  0x7f  0x0  0x0  
 Before push: SP = 0x7fffffffdbf8
 Enter AfterRegMod Checking values Register Record
 	Event num: 29
 	Line #: 0
 	File: __NOCSOURCE__
 	Register: rsp
 	Value: 0x0x7fffffffdbf0
 value after write : 0x40  0x45  0x55  0x55  0x55  0x55  0x0  0x0  
 In cu_table::translate_address_to_variable
 Checking cu /home/carr/vaccs/dynamic_analysis/pin/source/tools/PAS/tests/test1.c
 Check if pc = 0x5555555546a0 is between 0x00000064a and 0x000000694
 Checking global variable a if at address 0x7fffffffdbe8 Enter is_at_address
 trec = 0x7ffff7d7f240
type name = int
 Getting base address for a global
 var_addr: 0x000201014 mem_addr: 0x7fffffffdbe8 size: 4
 Checking global variable main if at address 0x7fffffffdbe8 address 0x7fffffffdbe8 is not a program variable
 After push: SP = 0x7fffffffdbf0
 0x5555555546a2: W 0x7fffffffdbe8 8
 value before write : 0x40  0x45  0x55  0x55  0x55  0x55  0x0  0x0  
 Before push: SP = 0x7fffffffdbf0
 Enter AfterRegMod Checking values Register Record
 	Event num: 32
 	Line #: 0
 	File: __NOCSOURCE__
 	Register: rsp
 	Value: 0x0x7fffffffdbe8
 value after write : 0xa0  0x46  0x55  0x55  0x55  0x55  0x0  0x0  
 In cu_table::translate_address_to_variable
 Checking cu /home/carr/vaccs/dynamic_analysis/pin/source/tools/PAS/tests/test1.c
 Check if pc = 0x5555555546a2 is between 0x00000064a and 0x000000694
 Checking global variable a if at address 0x7fffffffdbe0 Enter is_at_address
 trec = 0x7ffff7d7f240
type name = int
 Getting base address for a global
 var_addr: 0x000201014 mem_addr: 0x7fffffffdbe0 size: 4
 Checking global variable main if at address 0x7fffffffdbe0 address 0x7fffffffdbe0 is not a program variable
 After push: SP = 0x7fffffffdbe8
 Enter AfterRegMod Checking values Register Record
 	Event num: 33
 	Line #: 0
 	File: __NOCSOURCE__
 	Register: r15
 	Value: 0x0x7fffffffdce8
 0x5555555546a7: W 0x7fffffffdbe0 8
 value before write : 0xa0  0x46  0x55  0x55  0x55  0x55  0x0  0x0  
 Before push: SP = 0x7fffffffdbe8
 Enter AfterRegMod Checking values Register Record
 	Event num: 36
 	Line #: 0
 	File: __NOCSOURCE__
 	Register: rsp
 	Value: 0x0x7fffffffdbe0
 value after write : 0x0  0x0  0x0  0x0  0x0  0x0  0x0  0x0  
 In cu_table::translate_address_to_variable
 Checking cu /home/carr/vaccs/dynamic_analysis/pin/source/tools/PAS/tests/test1.c
 Check if pc = 0x5555555546a7 is between 0x00000064a and 0x000000694
 Checking global variable a if at address 0x7fffffffdbd8 Enter is_at_address
 trec = 0x7ffff7d7f240
type name = int
 Getting base address for a global
 var_addr: 0x000201014 mem_addr: 0x7fffffffdbd8 size: 4
 Checking global variable main if at address 0x7fffffffdbd8 address 0x7fffffffdbd8 is not a program variable
 After push: SP = 0x7fffffffdbe0
 0x5555555546a9: W 0x7fffffffdbd8 8
 value before write : 0x0  0x0  0x0  0x0  0x0  0x0  0x0  0x0  
 Before push: SP = 0x7fffffffdbe0
 Enter AfterRegMod Checking values Register Record
 	Event num: 39
 	Line #: 0
 	File: __NOCSOURCE__
 	Register: rsp
 	Value: 0x0x7fffffffdbd8
 value after write : 0x70  0xe1  0xff  0xf7  0x0  0x0  0x0  0x0  
 In cu_table::translate_address_to_variable
 Checking cu /home/carr/vaccs/dynamic_analysis/pin/source/tools/PAS/tests/test1.c
 Check if pc = 0x5555555546a9 is between 0x00000064a and 0x000000694
 Checking global variable a if at address 0x7fffffffdbd0 Enter is_at_address
 trec = 0x7ffff7d7f240
type name = int
 Getting base address for a global
 var_addr: 0x000201014 mem_addr: 0x7fffffffdbd0 size: 4
 Checking global variable main if at address 0x7fffffffdbd0 address 0x7fffffffdbd0 is not a program variable
 After push: SP = 0x7fffffffdbd8
 Enter AfterRegMod Checking values Register Record
 	Event num: 40
 	Line #: 0
 	File: __NOCSOURCE__
 	Register: r12
 	Value: 0x0x555555754db8
 0x5555555546b2: W 0x7fffffffdbd0 8
 value before write : 0x70  0xe1  0xff  0xf7  0x0  0x0  0x0  0x0  
 Before push: SP = 0x7fffffffdbd8
 Enter AfterRegMod Checking values Register Record
 	Event num: 43
 	Line #: 0
 	File: __NOCSOURCE__
 	Register: rsp
 	Value: 0x0x7fffffffdbd0
 value after write : 0x89  0x94  0x36  0xe4  0xff  0x7f  0x0  0x0  
 In cu_table::translate_address_to_variable
 Checking cu /home/carr/vaccs/dynamic_analysis/pin/source/tools/PAS/tests/test1.c
 Check if pc = 0x5555555546b2 is between 0x00000064a and 0x000000694
 Checking global variable a if at address 0x7fffffffdbc8 Enter is_at_address
 trec = 0x7ffff7d7f240
type name = int
 Getting base address for a global
 var_addr: 0x000201014 mem_addr: 0x7fffffffdbc8 size: 4
 Checking global variable main if at address 0x7fffffffdbc8 address 0x7fffffffdbc8 is not a program variable
 After push: SP = 0x7fffffffdbd0
 Enter AfterRegMod Checking values Register Record
 	Event num: 44
 	Line #: 0
 	File: __NOCSOURCE__
 	Register: rbp
 	Value: 0x0x555555754dc0
 0x5555555546ba: W 0x7fffffffdbc8 8
 value before write : 0x89  0x94  0x36  0xe4  0xff  0x7f  0x0  0x0  
 Before push: SP = 0x7fffffffdbd0
 Enter AfterRegMod Checking values Register Record
 	Event num: 47
 	Line #: 0
 	File: __NOCSOURCE__
 	Register: rsp
 	Value: 0x0x7fffffffdbc8
 value after write : 0xa0  0x59  0xde  0xf7  0xff  0x7f  0x0  0x0  
 In cu_table::translate_address_to_variable
 Checking cu /home/carr/vaccs/dynamic_analysis/pin/source/tools/PAS/tests/test1.c
 Check if pc = 0x5555555546ba is between 0x00000064a and 0x000000694
 Checking global variable a if at address 0x7fffffffdbc0 Enter is_at_address
 trec = 0x7ffff7d7f240
type name = int
 Getting base address for a global
 var_addr: 0x000201014 mem_addr: 0x7fffffffdbc0 size: 4
 Checking global variable main if at address 0x7fffffffdbc0 address 0x7fffffffdbc0 is not a program variable
 After push: SP = 0x7fffffffdbc8
 Enter AfterRegMod Checking values Register Record
 	Event num: 48
 	Line #: 0
 	File: __NOCSOURCE__
 	Register: r13d
 	Value: 0x0x000000001
 Enter AfterRegMod Checking values Register Record
 	Event num: 49
 	Line #: 0
 	File: __NOCSOURCE__
 	Register: r14
 	Value: 0x0x7fffffffdcd8
 Enter AfterRegMod Checking values Register Record
 	Event num: 50
 	Line #: 0
 	File: __NOCSOURCE__
 	Register: rbp
 	Value: 0x0x000000008
 Enter AfterRegMod Checking values Register Record
 	Event num: 51
 	Line #: 0
 	File: __NOCSOURCE__
 	Register: rflags
 	Value: 0x0x000000212
 Enter AfterRegMod Checking values Register Record
 	Event num: 52
 	Line #: 0
 	File: __NOCSOURCE__
 	Register: rsp
 	Value: 0x0x7fffffffdbc0
 Enter AfterRegMod Checking values Register Record
 	Event num: 53
 	Line #: 0
 	File: __NOCSOURCE__
 	Register: rflags
 	Value: 0x0x000000206
 Enter AfterRegMod Checking values Register Record
 	Event num: 54
 	Line #: 0
 	File: __NOCSOURCE__
 	Register: rbp
 	Value: 0x0x000000001
 Enter AfterRegMod Checking values Register Record
 	Event num: 55
 	Line #: 0
 	File: __NOCSOURCE__
 	Register: rflags
 	Value: 0x0x000000202
 0x5555555546cc: W 0x7fffffffdbb8 8
 value before write : 0x28  0x66  0x71  0xe4  0xff  0x7f  0x0  0x0  
 Enter AfterRegMod Checking values Register Record
 	Event num: 57
 	Line #: 0
 	File: __NOCSOURCE__
 	Register: rip
 	Value: 0x0x5555555544f0
 Enter AfterRegMod Checking values Register Record
 	Event num: 58
 	Line #: 0
 	File: __NOCSOURCE__
 	Register: rsp
 	Value: 0x0x7fffffffdbb8
 value after write : 0xc2  0x0  0x0  0x0  0x0  0x0  0x0  0x0  
 In cu_table::translate_address_to_variable
 Checking cu /home/carr/vaccs/dynamic_analysis/pin/source/tools/PAS/tests/test1.c
 Check if pc = 0x5555555546cc is between 0x00000064a and 0x000000694
 Checking global variable a if at address 0x7fffffffdbb0 Enter is_at_address
 trec = 0x7ffff7d7f240
type name = int
 Getting base address for a global
 var_addr: 0x000201014 mem_addr: 0x7fffffffdbb0 size: 4
 Checking global variable main if at address 0x7fffffffdbb0 address 0x7fffffffdbb0 is not a program variable
 Function Call to _init
 after push stack size:3
 Invocation ID:59function _init was called.
 Frame pointer was 0x000000001
 Getting frame pointer for _init
 Call to function
 	Event num: 59
 	Function name: _init
 	Func line: 0
 	Inv line: 0
 	Func file: 
 	Inv file: __NOFUNCTIONNAME__
 	Callee address: 0x5555555544f0

 Return address
 	Function name: main
 	Dynamic link: 0x000000000
 	Return address: 0x000000000
 Enter AfterRegMod Checking values Register Record
 	Event num: 61
 	Line #: 0
 	File: __NOCSOURCE__
 	Register: rsp
 	Value: 0x0x7fffffffdbb0
 Enter AfterRegMod Checking values 0x5555555544f4R 0x555555754fe8 8
 line number 0
 value before read : 0x0  0x0  0x0  0x0  0x0  0x0  0x0  0x0  Invocation ID:59function _init was called. Frame pointer was 0x000000001
 Enter AfterRegMod Checking values Register Record
 	Event num: 63
 	Line #: 0
 	File: __NOCSOURCE__
 	Register: rax
 	Value: 0x0x000000000
 Enter AfterRegMod Checking values Register Record
 	Event num: 64
 	Line #: 0
 	File: __NOCSOURCE__
 	Register: rflags
 	Value: 0x0x000000246
 Enter AfterRegMod Checking values Register Record
 	Event num: 65
 	Line #: 0
 	File: __NOCSOURCE__
 	Register: rsp
 	Value: 0x0x7fffffffdbb8
 Enter AfterRegMod Checking values Register Record
 	Event num: 66
 	Line #: 0
 	File: __NOCSOURCE__
 	Register: rflags
 	Value: 0x0x000000206
 Enter functionInvocationAfter
 No output found
 function return
 Exit functionInvocationAfter
 0x555555554506R 0x7fffffffdbb8 8
 line number 0
 value before read : 0xd1  0x46  0x55  0x55  0x55  0x55  0x0  0x0  Invocation ID:59function _init was called. Frame pointer was 0x000000001
 Before return: SP = 0x7fffffffdbb8
 Enter AfterRegMod Checking values Register Record
 	Event num: 70
 	Line #: 0
 	File: __NOCSOURCE__
 	Register: rip
 	Value: 0x0x5555555546d1
 Enter AfterRegMod Checking values Register Record
 	Event num: 71
 	Line #: 0
 	File: __NOCSOURCE__
 	Register: rsp
 	Value: 0x0x7fffffffdbc0
 After return : SP = 0x7fffffffdbc0
 Enter AfterRegMod Checking values Register Record
 	Event num: 72
 	Line #: 0
 	File: __NOCSOURCE__
 	Register: rflags
 	Value: 0x0x000000202
 Enter AfterRegMod Checking values Register Record
 	Event num: 73
 	Line #: 0
 	File: __NOCSOURCE__
 	Register: rip
 	Value: 0x0x5555555546d6
 Enter AfterRegMod Checking values Register Record
 	Event num: 74
 	Line #: 0
 	File: __NOCSOURCE__
 	Register: ebx
 	Value: 0x0x000000000
 Enter AfterRegMod Checking values Register Record
 	Event num: 75
 	Line #: 0
 	File: __NOCSOURCE__
 	Register: rflags
 	Value: 0x0x000000246
 Enter AfterRegMod Checking values Register Record
 	Event num: 76
 	Line #: 0
 	File: __NOCSOURCE__
 	Register: rdx
 	Value: 0x0x7fffffffdce8
 Enter AfterRegMod Checking values Register Record
 	Event num: 77
 	Line #: 0
 	File: __NOCSOURCE__
 	Register: rsi
 	Value: 0x0x7fffffffdcd8
 Enter AfterRegMod Checking values Register Record
 	Event num: 78
 	Line #: 0
 	File: __NOCSOURCE__
 	Register: edi
 	Value: 0x0x000000001
 0x5555555546e9R 0x555555754db8 8
 line number 0
 value before read : 0x40  0x46  0x55  0x55  0x55  0x55  0x0  0x0  Invocation ID:59function _init was called. Frame pointer was 0x000000001
 0x5555555546e9: W 0x7fffffffdbb8 8
 value before write : 0xd1  0x46  0x55  0x55  0x55  0x55  0x0  0x0  
 Enter AfterRegMod Checking values Register Record
 	Event num: 81
 	Line #: 0
 	File: __NOCSOURCE__
 	Register: rip
 	Value: 0x0x555555554640
 Enter AfterRegMod Checking values Register Record
 	Event num: 82
 	Line #: 0
 	File: __NOCSOURCE__
 	Register: rsp
 	Value: 0x0x7fffffffdbb8
 value after write : 0xc2  0x0  0x0  0x0  0x0  0x0  0x0  0x0  
 In cu_table::translate_address_to_variable
 Checking cu /home/carr/vaccs/dynamic_analysis/pin/source/tools/PAS/tests/test1.c
 Check if pc = 0x5555555546e9 is between 0x00000064a and 0x000000694
 Checking global variable a if at address 0x7fffffffdbb0 Enter is_at_address
 trec = 0x7ffff7d7f240
type name = int
 Getting base address for a global
 var_addr: 0x000201014 mem_addr: 0x7fffffffdbb0 size: 4
 Checking global variable main if at address 0x7fffffffdbb0 address 0x7fffffffdbb0 is not a program variable
 Function Call to frame_dummy
 0x555555554640: W 0x7fffffffdbb0 8
 value before write : 0xc2  0x0  0x0  0x0  0x0  0x0  0x0  0x0  
 Before push: SP = 0x7fffffffdbb8
 Enter AfterRegMod Checking values Register Record
 	Event num: 85
 	Line #: 0
 	File: __NOCSOURCE__
 	Register: rsp
 	Value: 0x0x7fffffffdbb0
 value after write : 0xff  0xb6  0xf0  0x0  0x0  0x0  0x0  0x0  
 In cu_table::translate_address_to_variable
 Checking cu /home/carr/vaccs/dynamic_analysis/pin/source/tools/PAS/tests/test1.c
 Check if pc = 0x555555554640 is between 0x00000064a and 0x000000694
 Checking global variable a if at address 0x7fffffffdba8 Enter is_at_address
 trec = 0x7ffff7d7f240
type name = int
 Getting base address for a global
 var_addr: 0x000201014 mem_addr: 0x7fffffffdba8 size: 4
 Checking global variable main if at address 0x7fffffffdba8 address 0x7fffffffdba8 is not a program variable
 After push: SP = 0x7fffffffdbb0
 Enter AfterRegMod Checking values Register Record
 	Event num: 86
 	Line #: 0
 	File: __NOCSOURCE__
 	Register: rbp
 	Value: 0x0x7fffffffdbb0
 0x555555554644R 0x7fffffffdbb0 8
 line number 0
 value before read : 0x1  0x0  0x0  0x0  0x0  0x0  0x0  0x0  Invocation ID:59function frame_dummy was called. Frame pointer was 0x7fffffffdbb0
 Before pop: SP = 0x7fffffffdbb0
 Enter AfterRegMod Checking values Register Record
 	Event num: 89
 	Line #: 0
 	File: __NOCSOURCE__
 	Register: rbp
 	Value: 0x0x000000001
 Enter AfterRegMod Checking values Register Record
 	Event num: 90
 	Line #: 0
 	File: __NOCSOURCE__
 	Register: rsp
 	Value: 0x0x7fffffffdbb8
 After pop: SP = 0x7fffffffdbb8
 Enter AfterRegMod Checking values Register Record
 	Event num: 91
 	Line #: 0
 	File: __NOCSOURCE__
 	Register: rip
 	Value: 0x0x5555555545b0
 Function Call to register_tm_clones
 after push stack size:3
 Invocation ID:92function register_tm_clones was called.
 Frame pointer was 0x000000001
 Getting frame pointer for register_tm_clones
 Call to function
 	Event num: 92
 	Function name: register_tm_clones
 	Func line: 0
 	Inv line: 0
 	Func file: 
 	Inv file: __NOFUNCTIONNAME__
 	Callee address: 0x5555555545b0

 Return address
 	Function name: main
 	Dynamic link: 0x000000000
 	Return address: 0x000000000
 Enter AfterRegMod Checking values Register Record
 	Event num: 94
 	Line #: 0
 	File: __NOCSOURCE__
 	Register: rdi
 	Value: 0x0x555555755010
 Enter AfterRegMod Checking values Register Record
 	Event num: 95
 	Line #: 0
 	File: __NOCSOURCE__
 	Register: rsi
 	Value: 0x0x555555755010
 0x5555555545be: W 0x7fffffffdbb0 8
 value before write : 0x1  0x0  0x0  0x0  0x0  0x0  0x0  0x0  
 Before push: SP = 0x7fffffffdbb8
 Enter AfterRegMod Checking values Register Record
 	Event num: 98
 	Line #: 0
 	File: __NOCSOURCE__
 	Register: rsp
 	Value: 0x0x7fffffffdbb0
 value after write : 0xff  0xb6  0xf0  0x0  0x0  0x0  0x0  0x0  
 In cu_table::translate_address_to_variable
 Checking cu /home/carr/vaccs/dynamic_analysis/pin/source/tools/PAS/tests/test1.c
 Check if pc = 0x5555555545be is between 0x00000064a and 0x000000694
 Checking global variable a if at address 0x7fffffffdba8 Enter is_at_address
 trec = 0x7ffff7d7f240
type name = int
 Getting base address for a global
 var_addr: 0x000201014 mem_addr: 0x7fffffffdba8 size: 4
 Checking global variable main if at address 0x7fffffffdba8 address 0x7fffffffdba8 is not a program variable
 After push: SP = 0x7fffffffdbb0
 Enter AfterRegMod Checking values Register Record
 	Event num: 99
 	Line #: 0
 	File: __NOCSOURCE__
 	Register: rsi
 	Value: 0x0x000000000
 Enter AfterRegMod Checking values Enter AfterRegMod Checking values Register Record
 	Event num: 100
 	Line #: 0
 	File: __NOCSOURCE__
 	Register: rbp
 	Value: 0x0x7fffffffdbb0
 Enter AfterRegMod Checking values Enter AfterRegMod Checking values Enter AfterRegMod Checking values Enter AfterRegMod Checking values Enter AfterRegMod Checking values Enter AfterRegMod Checking values Enter AfterRegMod Checking values Enter AfterRegMod Checking values Enter AfterRegMod Checking values 0x5555555545f0R 0x7fffffffdbb0 8
 line number 0
 value before read : 0x1  0x0  0x0  0x0  0x0  0x0  0x0  0x0  Invocation ID:92function register_tm_clones was called. Frame pointer was 0x7fffffffdbb0
 Before pop: SP = 0x7fffffffdbb0
 Enter AfterRegMod Checking values Register Record
 	Event num: 103
 	Line #: 0
 	File: __NOCSOURCE__
 	Register: rbp
 	Value: 0x0x000000001
 Enter AfterRegMod Checking values Register Record
 	Event num: 104
 	Line #: 0
 	File: __NOCSOURCE__
 	Register: rsp
 	Value: 0x0x7fffffffdbb8
 After pop: SP = 0x7fffffffdbb8
 Enter functionInvocationAfter
 No output found
 function return
 Exit functionInvocationAfter
 0x5555555545f1R 0x7fffffffdbb8 8
 line number 0
 value before read : 0xed  0x46  0x55  0x55  0x55  0x55  0x0  0x0  Invocation ID:92function register_tm_clones was called. Frame pointer was 0x000000001
 Before return: SP = 0x7fffffffdbb8
 Enter AfterRegMod Checking values Register Record
 	Event num: 108
 	Line #: 0
 	File: __NOCSOURCE__
 	Register: rip
 	Value: 0x0x5555555546ed
 Enter AfterRegMod Checking values Register Record
 	Event num: 109
 	Line #: 0
 	File: __NOCSOURCE__
 	Register: rsp
 	Value: 0x0x7fffffffdbc0
 After return : SP = 0x7fffffffdbc0
 Enter AfterRegMod Checking values Register Record
 	Event num: 110
 	Line #: 0
 	File: __NOCSOURCE__
 	Register: rbx
 	Value: 0x0x000000001
 Enter AfterRegMod Checking values Register Record
 	Event num: 111
 	Line #: 0
 	File: __NOCSOURCE__
 	Register: rflags
 	Value: 0x0x000000202
 Enter AfterRegMod Checking values Register Record
 	Event num: 112
 	Line #: 0
 	File: __NOCSOURCE__
 	Register: rflags
 	Value: 0x0x000000246
 Enter AfterRegMod Checking values Register Record
 	Event num: 113
 	Line #: 0
 	File: __NOCSOURCE__
 	Register: rip
 	Value: 0x0x5555555546f6
 Enter AfterRegMod Checking values Register Record
 	Event num: 114
 	Line #: 0
 	File: __NOCSOURCE__
 	Register: rsp
 	Value: 0x0x7fffffffdbc8
 Enter AfterRegMod Checking values Register Record
 	Event num: 115
 	Line #: 0
 	File: __NOCSOURCE__
 	Register: rflags
 	Value: 0x0x000000202
 0x5555555546faR 0x7fffffffdbc8 8
 line number 0
 value before read : 0x0  0x0  0x0  0x0  0x0  0x0  0x0  0x0  Invocation ID:92function register_tm_clones was called. Frame pointer was 0x000000001
 Before pop: SP = 0x7fffffffdbc8
 Enter AfterRegMod Checking values Register Record
 	Event num: 118
 	Line #: 0
 	File: __NOCSOURCE__
 	Register: rbx
 	Value: 0x0x000000000
 Enter AfterRegMod Checking values Register Record
 	Event num: 119
 	Line #: 0
 	File: __NOCSOURCE__
 	Register: rsp
 	Value: 0x0x7fffffffdbd0
 After pop: SP = 0x7fffffffdbd0
 0x5555555546fbR 0x7fffffffdbd0 8
 line number 0
 value before read : 0xa0  0x46  0x55  0x55  0x55  0x55  0x0  0x0  Invocation ID:92function register_tm_clones was called. Frame pointer was 0x000000001
 Before pop: SP = 0x7fffffffdbd0
 Enter AfterRegMod Checking values Register Record
 	Event num: 122
 	Line #: 0
 	File: __NOCSOURCE__
 	Register: rbp
 	Value: 0x0x5555555546a0
 Enter AfterRegMod Checking values Register Record
 	Event num: 123
 	Line #: 0
 	File: __NOCSOURCE__
 	Register: rsp
 	Value: 0x0x7fffffffdbd8
 After pop: SP = 0x7fffffffdbd8
 0x5555555546fcR 0x7fffffffdbd8 8
 line number 0
 value before read : 0x40  0x45  0x55  0x55  0x55  0x55  0x0  0x0  Invocation ID:92function register_tm_clones was called. Frame pointer was 0x5555555546a0
 Before pop: SP = 0x7fffffffdbd8
 Enter AfterRegMod Checking values Register Record
 	Event num: 126
 	Line #: 0
 	File: __NOCSOURCE__
 	Register: r12
 	Value: 0x0x555555554540
 Enter AfterRegMod Checking values Register Record
 	Event num: 127
 	Line #: 0
 	File: __NOCSOURCE__
 	Register: rsp
 	Value: 0x0x7fffffffdbe0
 After pop: SP = 0x7fffffffdbe0
 0x5555555546feR 0x7fffffffdbe0 8
 line number 0
 value before read : 0xd0  0xdc  0xff  0xff  0xff  0x7f  0x0  0x0  Invocation ID:92function register_tm_clones was called. Frame pointer was 0x5555555546a0
 Before pop: SP = 0x7fffffffdbe0
 Enter AfterRegMod Checking values Register Record
 	Event num: 130
 	Line #: 0
 	File: __NOCSOURCE__
 	Register: r13
 	Value: 0x0x7fffffffdcd0
 Enter AfterRegMod Checking values Register Record
 	Event num: 131
 	Line #: 0
 	File: __NOCSOURCE__
 	Register: rsp
 	Value: 0x0x7fffffffdbe8
 After pop: SP = 0x7fffffffdbe8
 0x555555554700R 0x7fffffffdbe8 8
 line number 0
 value before read : 0x0  0x0  0x0  0x0  0x0  0x0  0x0  0x0  Invocation ID:92function register_tm_clones was called. Frame pointer was 0x5555555546a0
 Before pop: SP = 0x7fffffffdbe8
 Enter AfterRegMod Checking values Register Record
 	Event num: 134
 	Line #: 0
 	File: __NOCSOURCE__
 	Register: r14
 	Value: 0x0x000000000
 Enter AfterRegMod Checking values Register Record
 	Event num: 135
 	Line #: 0
 	File: __NOCSOURCE__
 	Register: rsp
 	Value: 0x0x7fffffffdbf0
 After pop: SP = 0x7fffffffdbf0
 0x555555554702R 0x7fffffffdbf0 8
 line number 0
 value before read : 0x0  0x0  0x0  0x0  0x0  0x0  0x0  0x0  Invocation ID:92function register_tm_clones was called. Frame pointer was 0x5555555546a0
 Before pop: SP = 0x7fffffffdbf0
 Enter AfterRegMod Checking values Register Record
 	Event num: 138
 	Line #: 0
 	File: __NOCSOURCE__
 	Register: r15
 	Value: 0x0x000000000
 Enter AfterRegMod Checking values Register Record
 	Event num: 139
 	Line #: 0
 	File: __NOCSOURCE__
 	Register: rsp
 	Value: 0x0x7fffffffdbf8
 After pop: SP = 0x7fffffffdbf8
 Enter functionInvocationAfter
 No output found
 function return
 Exit functionInvocationAfter
 0x555555554704R 0x7fffffffdbf8 8
 line number 0
 value before read : 0x28  0x7b  0x34  0xe4  0xff  0x7f  0x0  0x0  Invocation ID:92function register_tm_clones was called. Frame pointer was 0x5555555546a0
 Before return: SP = 0x7fffffffdbf8
 Enter AfterRegMod Checking values Register Record
 	Event num: 143
 	Line #: 0
 	File: __NOCSOURCE__
 	Register: rip
 	Value: 0x0x7fffe4347b28
 Enter AfterRegMod Checking values Register Record
 	Event num: 144
 	Line #: 0
 	File: __NOCSOURCE__
 	Register: rsp
 	Value: 0x0x7fffffffdc00
 After return : SP = 0x7fffffffdc00
 Function Call to main
 after push stack size:2
 Invocation ID:145function main was called.
 Frame pointer was 0x5555555546a0
 Getting frame pointer for main
 Call to function
 	Event num: 145
 	Function name: main
 	Func line: 3
 	Inv line: 0
 	Func file: /home/carr/vaccs/dynamic_analysis/pin/source/tools/PAS/tests/test1.c
 	Inv file: __NOFUNCTIONNAME__
 	Callee address: 0x55555555464a

 Return address
 	Function name: main
 	Dynamic link: 0x000000000
 	Return address: 0x000000000
 0x55555555464a: W 0x7fffffffdbf0 8
 value before write : 0x0  0x0  0x0  0x0  0x0  0x0  0x0  0x0  
 Before push: SP = 0x7fffffffdbf8
 Enter AfterRegMod Checking values Register Record
 	Event num: 149
 	Line #: 3
 	File: /home/carr/vaccs/dynamic_analysis/pin/source/tools/PAS/tests/test1.c
 	Register: rsp
 	Value: 0x0x7fffffffdbf0
 value after write : 0x0  0x0  0x0  0x0  0x0  0x0  0x0  0x0  
 In cu_table::translate_address_to_variable
 Checking cu /home/carr/vaccs/dynamic_analysis/pin/source/tools/PAS/tests/test1.c
 Check if pc = 0x55555555464a is between 0x00000064a and 0x000000694
 Checking global variable a if at address 0x7fffffffdbe8 Enter is_at_address
 trec = 0x7ffff7d7f240
type name = int
 Getting base address for a global
 var_addr: 0x000201014 mem_addr: 0x7fffffffdbe8 size: 4
 Checking global variable main if at address 0x7fffffffdbe8 address 0x7fffffffdbe8 is not a program variable
 After push: SP = 0x7fffffffdbf0
 Enter AfterRegMod Checking values Register Record
 	Event num: 150
 	Line #: 3
 	File: /home/carr/vaccs/dynamic_analysis/pin/source/tools/PAS/tests/test1.c
 	Register: rbp
 	Value: 0x0x7fffffffdbf0
 Enter AfterRegMod Checking values Register Record
 	Event num: 151
 	Line #: 3
 	File: /home/carr/vaccs/dynamic_analysis/pin/source/tools/PAS/tests/test1.c
 	Register: rsp
 	Value: 0x0x7fffffffdbe0
 Enter AfterRegMod Checking values Enter AfterRegMod Checking values Register Record
 	Event num: 152
 	Line #: 6
 	File: /home/carr/vaccs/dynamic_analysis/pin/source/tools/PAS/tests/test1.c
 	Register: rax
 	Value: 0x0x7fffffffdbe4
 0x555555554656: W 0x7fffffffdbe8 8
 value before write : 0x0  0x0  0x0  0x0  0x0  0x0  0x0  0x0  
 value after write : 0xe4  0xdb  0xff  0xff  0xff  0x7f  0x0  0x0  
 In cu_table::translate_address_to_variable
 Checking cu /home/carr/vaccs/dynamic_analysis/pin/source/tools/PAS/tests/test1.c
 Check if pc = 0x555555554656 is between 0x00000064a and 0x000000694
 Checking global variable a if at address 0x7fffffffdbe8 Enter is_at_address
 trec = 0x7ffff7d7f240
type name = int
 Getting base address for a global
 var_addr: 0x000201014 mem_addr: 0x7fffffffdbe8 size: 4
 Checking global variable main if at address 0x7fffffffdbe8 address 0x7fffffffdbe8 is not a program variable
 0x55555555465a: W 0x555555755014 4
 value before write : 0x0  0x0  0x0  0x0  
 value after write : 0x1  0x0  0x0  0x0  
 In cu_table::translate_address_to_variable
 Checking cu /home/carr/vaccs/dynamic_analysis/pin/source/tools/PAS/tests/test1.c
 Check if pc = 0x55555555465a is between 0x00000064a and 0x000000694
 Checking global variable a if at address 0x555555755014 Enter is_at_address
 trec = 0x7ffff7d7f240
type name = int
 Getting base address for a global
 var_addr: 0x000201014 mem_addr: 0x555555755014 size: 4
 Checking global variable main if at address 0x555555755014 address 0x555555755014 is not a program variable
 0x555555554664: W 0x7fffffffdbe4 4
 value before write : 0xff  0x7f  0x0  0x0  
 value after write : 0x2  0x0  0x0  0x0  
 In cu_table::translate_address_to_variable
 Checking cu /home/carr/vaccs/dynamic_analysis/pin/source/tools/PAS/tests/test1.c
 Check if pc = 0x555555554664 is between 0x00000064a and 0x000000694
 Checking global variable a if at address 0x7fffffffdbe4 Enter is_at_address
 trec = 0x7ffff7d7f240
type name = int
 Getting base address for a global
 var_addr: 0x000201014 mem_addr: 0x7fffffffdbe4 size: 4
 Checking global variable main if at address 0x7fffffffdbe4 address 0x7fffffffdbe4 is not a program variable
 0x55555555466bR 0x7fffffffdbe8 8
 line number 11
 value before read : 0xe4  0xdb  0xff  0xff  0xff  0x7f  0x0  0x0  Invocation ID:145function main was called. Frame pointer was 0x7fffffffdbf0
 Enter AfterRegMod Checking values 0x55555555466fR 0x7fffffffdbe4 4
 line number 11
 value before read : 0x2  0x0  0x0  0x0  Invocation ID:145function main was called. Frame pointer was 0x7fffffffdbf0
 Enter AfterRegMod Checking values Register Record
 	Event num: 158
 	Line #: 11
 	File: /home/carr/vaccs/dynamic_analysis/pin/source/tools/PAS/tests/test1.c
 	Register: ecx
 	Value: 0x0x000000002
 0x555555554671R 0x7fffffffdbe4 4
 line number 11
 value before read : 0x2  0x0  0x0  0x0  Invocation ID:145function main was called. Frame pointer was 0x7fffffffdbf0
 Enter AfterRegMod Checking values Register Record
 	Event num: 160
 	Line #: 11
 	File: /home/carr/vaccs/dynamic_analysis/pin/source/tools/PAS/tests/test1.c
 	Register: edx
 	Value: 0x0x000000002
 0x555555554674R 0x555555755014 4
 line number 11
 value before read : 0x1  0x0  0x0  0x0  Invocation ID:145function main was called. Frame pointer was 0x7fffffffdbf0
 Enter AfterRegMod Checking values Register Record
 	Event num: 162
 	Line #: 11
 	File: /home/carr/vaccs/dynamic_analysis/pin/source/tools/PAS/tests/test1.c
 	Register: eax
 	Value: 0x0x000000001
 Enter AfterRegMod Checking values Register Record
 	Event num: 163
 	Line #: 11
 	File: /home/carr/vaccs/dynamic_analysis/pin/source/tools/PAS/tests/test1.c
 	Register: esi
 	Value: 0x0x000000001
 Enter AfterRegMod Checking values Register Record
 	Event num: 164
 	Line #: 11
 	File: /home/carr/vaccs/dynamic_analysis/pin/source/tools/PAS/tests/test1.c
 	Register: rdi
 	Value: 0x0x555555554724
 Enter AfterRegMod Checking values Register Record
 	Event num: 165
 	Line #: 11
 	File: /home/carr/vaccs/dynamic_analysis/pin/source/tools/PAS/tests/test1.c
 	Register: eax
 	Value: 0x0x000000000
 0x555555554688: W 0x7fffffffdbd8 8
 value before write : 0x40  0x45  0x55  0x55  0x55  0x55  0x0  0x0  
 Enter AfterRegMod Checking values Register Record
 	Event num: 167
 	Line #: 11
 	File: /home/carr/vaccs/dynamic_analysis/pin/source/tools/PAS/tests/test1.c
 	Register: rip
 	Value: 0x0x555555554520
 Enter AfterRegMod Checking values Register Record
 	Event num: 168
 	Line #: 11
 	File: /home/carr/vaccs/dynamic_analysis/pin/source/tools/PAS/tests/test1.c
 	Register: rsp
 	Value: 0x0x7fffffffdbd8
 value after write : 0xa0  0x46  0x55  0x55  0x55  0x55  0x0  0x0  
 In cu_table::translate_address_to_variable
 Checking cu /home/carr/vaccs/dynamic_analysis/pin/source/tools/PAS/tests/test1.c
 Check if pc = 0x555555554688 is between 0x00000064a and 0x000000694
 Checking global variable a if at address 0x7fffffffdbd0 Enter is_at_address
 trec = 0x7ffff7d7f240
type name = int
 Getting base address for a global
 var_addr: 0x000201014 mem_addr: 0x7fffffffdbd0 size: 4
 Checking global variable main if at address 0x7fffffffdbd0 address 0x7fffffffdbd0 is not a program variable
 Function Call to printf@plt
 after push stack size:3
 Invocation ID:169function printf@plt was called.
 Frame pointer was 0x7fffffffdbf0
 Getting frame pointer for printf@plt
 Address being read: 0x0x7fffffffdbf0
 Address being read: 0x0x7fffffffdbf8
 Call to function
 	Event num: 169
 	Function name: printf@plt
 	Func line: 0
 	Inv line: 0
 	Func file: 
 	Inv file: 
 	Callee address: 0x555555554520

 Return address
 	Function name: main
 	Dynamic link: 0x5555555546a0
 	Return address: 0x7fffe4347b97
 0x555555554520R 0x555555754fd0 8
 line number 0
 value before read : 0x80  0xae  0x38  0xe4  0xff  0x7f  0x0  0x0  Invocation ID:169function printf@plt was called. Frame pointer was 0x7fffffffdbf0
 Enter AfterRegMod Checking values Register Record
 	Event num: 172
 	Line #: 0
 	File: __NOCSOURCE__
 	Register: rip
 	Value: 0x0x7fffe438ae80
 enter
 malloc(1024)
 function main  Frame pointer was 0x7fffffffdbf0
 exit
 Enter AfterRegMod Checking values 0x555555554692R 0x7fffffffdbf0 8
 line number 12
 value before read : 0xa0  0x46  0x55  0x55  0x55  0x55  0x0  0x0  Invocation ID:169function printf@plt was called. Frame pointer was 0x7fffffffdbf0
 Enter AfterRegMod Checking values Register Record
 	Event num: 175
 	Line #: 12
 	File: /home/carr/vaccs/dynamic_analysis/pin/source/tools/PAS/tests/test1.c
 	Register: rbp
 	Value: 0x0x5555555546a0
 Enter AfterRegMod Checking values Register Record
 	Event num: 176
 	Line #: 12
 	File: /home/carr/vaccs/dynamic_analysis/pin/source/tools/PAS/tests/test1.c
 	Register: rsp
 	Value: 0x0x7fffffffdbf8
 Enter functionInvocationAfter
 No output found
 function return
 Exit functionInvocationAfter
 0x555555554693R 0x7fffffffdbf8 8
 line number 12
 value before read : 0x97  0x7b  0x34  0xe4  0xff  0x7f  0x0  0x0  Invocation ID:169function printf@plt was called. Frame pointer was 0x5555555546a0
 Before return: SP = 0x7fffffffdbf8
 Enter AfterRegMod Checking values Register Record
 	Event num: 180
 	Line #: 12
 	File: /home/carr/vaccs/dynamic_analysis/pin/source/tools/PAS/tests/test1.c
 	Register: rip
 	Value: 0x0x7fffe4347b97
 Enter AfterRegMod Checking values Register Record
 	Event num: 181
 	Line #: 12
 	File: /home/carr/vaccs/dynamic_analysis/pin/source/tools/PAS/tests/test1.c
 	Register: rsp
 	Value: 0x0x7fffffffdc00
 After return : SP = 0x7fffffffdc00
 Function Call to __do_global_dtors_aux
 after push stack size:3
 Invocation ID:182function __do_global_dtors_aux was called.
 Frame pointer was 0x7fffffffdb90
 Getting frame pointer for __do_global_dtors_aux
 Address being read: 0x0x7fffffffdb90
 Address being read: 0x0x7fffffffdb98
 Call to function
 	Event num: 182
 	Function name: __do_global_dtors_aux
 	Func line: 0
 	Inv line: 0
 	Func file: 
 	Inv file: 
 	Callee address: 0x555555554600

 Return address
 	Function name: main
 	Dynamic link: 0x000000000
 	Return address: 0x7fffe4369041
 0x555555554600R 0x555555755010 1
 line number 0
 value before read : 0x0  Invocation ID:182function __do_global_dtors_aux was called. Frame pointer was 0x7fffffffdb90
 Enter AfterRegMod Checking values Register Record
 	Event num: 185
 	Line #: 0
 	File: __NOCSOURCE__
 	Register: rflags
 	Value: 0x0x000000246
 Enter AfterRegMod Checking values Register Record
 	Event num: 186
 	Line #: 0
 	File: __NOCSOURCE__
 	Register: rip
 	Value: 0x0x555555554609
 0x555555554609R 0x555555754ff8 8
 line number 0
 value before read : 0x20  0x95  0x36  0xe4  0xff  0x7f  0x0  0x0  Invocation ID:182function __do_global_dtors_aux was called. Frame pointer was 0x7fffffffdb90
 Enter AfterRegMod Checking values Register Record
 	Event num: 188
 	Line #: 0
 	File: __NOCSOURCE__
 	Register: rflags
 	Value: 0x0x000000202
 0x555555554611: W 0x7fffffffdb00 8
 value before write : 0x90  0xdb  0xff  0xff  0xff  0x7f  0x0  0x0  
 Before push: SP = 0x7fffffffdb08
 Enter AfterRegMod Checking values Register Record
 	Event num: 191
 	Line #: 0
 	File: __NOCSOURCE__
 	Register: rsp
 	Value: 0x0x7fffffffdb00
 value after write : 0x4  0x0  0x0  0x0  0x0  0x0  0x0  0x0  
 In cu_table::translate_address_to_variable
 Checking cu /home/carr/vaccs/dynamic_analysis/pin/source/tools/PAS/tests/test1.c
 Check if pc = 0x555555554611 is between 0x00000064a and 0x000000694
 Checking global variable a if at address 0x7fffffffdaf8 Enter is_at_address
 trec = 0x7ffff7d7f240
type name = int
 Getting base address for a global
 var_addr: 0x000201014 mem_addr: 0x7fffffffdaf8 size: 4
 Checking global variable main if at address 0x7fffffffdaf8 address 0x7fffffffdaf8 is not a program variable
 After push: SP = 0x7fffffffdb00
 Enter AfterRegMod Checking values Register Record
 	Event num: 192
 	Line #: 0
 	File: __NOCSOURCE__
 	Register: rbp
 	Value: 0x0x7fffffffdb00
 Enter AfterRegMod Checking values Register Record
 	Event num: 193
 	Line #: 0
 	File: __NOCSOURCE__
 	Register: rip
 	Value: 0x0x555555554617
 0x555555554617R 0x555555755008 8
 line number 0
 value before read : 0x8  0x50  0x75  0x55  0x55  0x55  0x0  0x0  Invocation ID:182function __do_global_dtors_aux was called. Frame pointer was 0x7fffffffdb00
 Enter AfterRegMod Checking values Register Record
 	Event num: 195
 	Line #: 0
 	File: __NOCSOURCE__
 	Register: rdi
 	Value: 0x0x555555755008
 0x55555555461e: W 0x7fffffffdaf8 8
 value before write : 0x4  0x0  0x0  0x0  0x0  0x0  0x0  0x0  
 Enter AfterRegMod Checking values Register Record
 	Event num: 197
 	Line #: 0
 	File: __NOCSOURCE__
 	Register: rip
 	Value: 0x0x555555554530
 Enter AfterRegMod Checking values Register Record
 	Event num: 198
 	Line #: 0
 	File: __NOCSOURCE__
 	Register: rsp
 	Value: 0x0x7fffffffdaf8
 value after write : 0x10  0xdb  0xff  0xff  0xff  0x7f  0x0  0x0  
 In cu_table::translate_address_to_variable
 Checking cu /home/carr/vaccs/dynamic_analysis/pin/source/tools/PAS/tests/test1.c
 Check if pc = 0x55555555461e is between 0x00000064a and 0x000000694
 Checking global variable a if at address 0x7fffffffdaf0 Enter is_at_address
 trec = 0x7ffff7d7f240
type name = int
 Getting base address for a global
 var_addr: 0x000201014 mem_addr: 0x7fffffffdaf0 size: 4
 Checking global variable main if at address 0x7fffffffdaf0 address 0x7fffffffdaf0 is not a program variable
 Function Call to .plt.got
 after push stack size:4
 Invocation ID:199function .plt.got was called.
 Frame pointer was 0x7fffffffdb00
 Getting frame pointer for .plt.got
 Address being read: 0x0x7fffffffdb00
 Address being read: 0x0x7fffffffdb08
 Call to function
 	Event num: 199
 	Function name: .plt.got
 	Func line: 0
 	Inv line: 0
 	Func file: 
 	Inv file: 
 	Callee address: 0x555555554530

 Return address
 	Function name: main
 	Dynamic link: 0x7fffffffdb90
 	Return address: 0x7ffff7de5b73
 0x555555554530R 0x555555754ff8 8
 line number 0
 value before read : 0x20  0x95  0x36  0xe4  0xff  0x7f  0x0  0x0  Invocation ID:199function .plt.got was called. Frame pointer was 0x7fffffffdb00
 Enter AfterRegMod Checking values Register Record
 	Event num: 202
 	Line #: 0
 	File: __NOCSOURCE__
 	Register: rip
 	Value: 0x0x7fffe4369520
 0x555555554623: W 0x7fffffffdaf8 8
 value before write : 0x23  0x46  0x55  0x55  0x55  0x55  0x0  0x0  
 Enter AfterRegMod Checking values Register Record
 	Event num: 204
 	Line #: 0
 	File: __NOCSOURCE__
 	Register: rip
 	Value: 0x0x555555554570
 Enter AfterRegMod Checking values value after write : 0xc0  0x4d  0x75  0x55  0x55  0x55  0x0  0x0  
 In cu_table::translate_address_to_variable
 Checking cu /home/carr/vaccs/dynamic_analysis/pin/source/tools/PAS/tests/test1.c
 Check if pc = 0x555555554623 is between 0x00000064a and 0x000000694
 Checking global variable a if at address 0x7fffffffdaf0 Enter is_at_address
 trec = 0x7ffff7d7f240
type name = int
 Getting base address for a global
 var_addr: 0x000201014 mem_addr: 0x7fffffffdaf0 size: 4
 Checking global variable main if at address 0x7fffffffdaf0 address 0x7fffffffdaf0 is not a program variable
 Function Call to deregister_tm_clones
 after push stack size:5
 Invocation ID:205function deregister_tm_clones was called.
 Frame pointer was 0x7fffffffdb00
 Getting frame pointer for deregister_tm_clones
 Address being read: 0x0x7fffffffdb00
 Address being read: 0x0x7fffffffdb08
 Call to function
 	Event num: 205
 	Function name: deregister_tm_clones
 	Func line: 0
 	Inv line: 0
 	Func file: 
 	Inv file: 
 	Callee address: 0x555555554570

 Return address
 	Function name: main
 	Dynamic link: 0x7fffffffdb90
 	Return address: 0x7ffff7de5b73
 Enter AfterRegMod Checking values Register Record
 	Event num: 207
 	Line #: 0
 	File: __NOCSOURCE__
 	Register: rdi
 	Value: 0x0x555555755010
 0x555555554577: W 0x7fffffffdaf0 8
 value before write : 0xc0  0x4d  0x75  0x55  0x55  0x55  0x0  0x0  
 Before push: SP = 0x7fffffffdaf8
 Enter AfterRegMod Checking values Register Record
 	Event num: 210
 	Line #: 0
 	File: __NOCSOURCE__
 	Register: rsp
 	Value: 0x0x7fffffffdaf0
 value after write : 0x10  0xdb  0xff  0xff  0xff  0x7f  0x0  0x0  
 In cu_table::translate_address_to_variable
 Checking cu /home/carr/vaccs/dynamic_analysis/pin/source/tools/PAS/tests/test1.c
 Check if pc = 0x555555554577 is between 0x00000064a and 0x000000694
 Checking global variable a if at address 0x7fffffffdae8 Enter is_at_address
 trec = 0x7ffff7d7f240
type name = int
 Getting base address for a global
 var_addr: 0x000201014 mem_addr: 0x7fffffffdae8 size: 4
 Checking global variable main if at address 0x7fffffffdae8 address 0x7fffffffdae8 is not a program variable
 After push: SP = 0x7fffffffdaf0
 Enter AfterRegMod Checking values Register Record
 	Event num: 211
 	Line #: 0
 	File: __NOCSOURCE__
 	Register: rax
 	Value: 0x0x555555755010
 Enter AfterRegMod Checking values Register Record
 	Event num: 212
 	Line #: 0
 	File: __NOCSOURCE__
 	Register: rflags
 	Value: 0x0x000000246
 Enter AfterRegMod Checking values Register Record
 	Event num: 213
 	Line #: 0
 	File: __NOCSOURCE__
 	Register: rbp
 	Value: 0x0x7fffffffdaf0
 0x5555555545a0R 0x7fffffffdaf0 8
 line number 0
 value before read : 0x0  0xdb  0xff  0xff  0xff  0x7f  0x0  0x0  Invocation ID:205function deregister_tm_clones was called. Frame pointer was 0x7fffffffdaf0
 Before pop: SP = 0x7fffffffdaf0
 Enter AfterRegMod Checking values Register Record
 	Event num: 216
 	Line #: 0
 	File: __NOCSOURCE__
 	Register: rbp
 	Value: 0x0x7fffffffdb00
 Enter AfterRegMod Checking values Register Record
 	Event num: 217
 	Line #: 0
 	File: __NOCSOURCE__
 	Register: rsp
 	Value: 0x0x7fffffffdaf8
 After pop: SP = 0x7fffffffdaf8
 Enter functionInvocationAfter
 No output found
 function return
 Exit functionInvocationAfter
 0x5555555545a1R 0x7fffffffdaf8 8
 line number 0
 value before read : 0x28  0x46  0x55  0x55  0x55  0x55  0x0  0x0  Invocation ID:205function deregister_tm_clones was called. Frame pointer was 0x7fffffffdb00
 Before return: SP = 0x7fffffffdaf8
 Enter AfterRegMod Checking values Register Record
 	Event num: 221
 	Line #: 0
 	File: __NOCSOURCE__
 	Register: rip
 	Value: 0x0x555555554628
 Enter AfterRegMod Checking values Register Record
 	Event num: 222
 	Line #: 0
 	File: __NOCSOURCE__
 	Register: rsp
 	Value: 0x0x7fffffffdb00
 After return : SP = 0x7fffffffdb00
 0x555555554628: W 0x555555755010 1
 value before write : 0x0  
 value after write : 0x1  
 In cu_table::translate_address_to_variable
 Checking cu /home/carr/vaccs/dynamic_analysis/pin/source/tools/PAS/tests/test1.c
 Check if pc = 0x555555554628 is between 0x00000064a and 0x000000694
 Checking global variable a if at address 0x555555755010 Enter is_at_address
 trec = 0x7ffff7d7f240
type name = int
 Getting base address for a global
 var_addr: 0x000201014 mem_addr: 0x555555755010 size: 4
 Checking global variable main if at address 0x555555755010 address 0x555555755010 is not a program variable
 0x55555555462fR 0x7fffffffdb00 8
 line number 0
 value before read : 0x90  0xdb  0xff  0xff  0xff  0x7f  0x0  0x0  Invocation ID:205function deregister_tm_clones was called. Frame pointer was 0x7fffffffdb00
 Before pop: SP = 0x7fffffffdb00
 Enter AfterRegMod Checking values Register Record
 	Event num: 226
 	Line #: 0
 	File: __NOCSOURCE__
 	Register: rbp
 	Value: 0x0x7fffffffdb90
 Enter AfterRegMod Checking values Register Record
 	Event num: 227
 	Line #: 0
 	File: __NOCSOURCE__
 	Register: rsp
 	Value: 0x0x7fffffffdb08
 After pop: SP = 0x7fffffffdb08
 Enter functionInvocationAfter
 No output found
 function return
 Exit functionInvocationAfter
 0x555555554630R 0x7fffffffdb08 8
 line number 0
 value before read : 0x73  0x5b  0xde  0xf7  0xff  0x7f  0x0  0x0  Invocation ID:205function deregister_tm_clones was called. Frame pointer was 0x7fffffffdb90
 Before return: SP = 0x7fffffffdb08
 Enter AfterRegMod Checking values Register Record
 	Event num: 231
 	Line #: 0
 	File: __NOCSOURCE__
 	Register: rip
 	Value: 0x0x7ffff7de5b73
 Enter AfterRegMod Checking values Register Record
 	Event num: 232
 	Line #: 0
 	File: __NOCSOURCE__
 	Register: rsp
 	Value: 0x0x7fffffffdb10
 After return : SP = 0x7fffffffdb10
 Function Call to _fini
 after push stack size:4
 Invocation ID:233function _fini was called.
 Frame pointer was 0x7fffffffdb90
 Getting frame pointer for _fini
 Address being read: 0x0x7fffffffdb90
 Address being read: 0x0x7fffffffdb98
 Call to function
 	Event num: 233
 	Function name: _fini
 	Func line: 0
 	Inv line: 0
 	Func file: 
 	Inv file: 
 	Callee address: 0x555555554714

 Return address
 	Function name: main
 	Dynamic link: 0x000000000
 	Return address: 0x7fffe4369041
 Enter AfterRegMod Checking values Register Record
 	Event num: 235
 	Line #: 0
 	File: __NOCSOURCE__
 	Register: rsp
 	Value: 0x0x7fffffffdb00
 Enter AfterRegMod Checking values Register Record
 	Event num: 236
 	Line #: 0
 	File: __NOCSOURCE__
 	Register: rflags
 	Value: 0x0x000000206
 Enter AfterRegMod Checking values Register Record
 	Event num: 237
 	Line #: 0
 	File: __NOCSOURCE__
 	Register: rsp
 	Value: 0x0x7fffffffdb08
 Enter AfterRegMod Checking values Register Record
 	Event num: 238
 	Line #: 0
 	File: __NOCSOURCE__
 	Register: rflags
 	Value: 0x0x000000202
 Enter functionInvocationAfter
 No output found
 function return
 Exit functionInvocationAfter
 0x55555555471cR 0x7fffffffdb08 8
 line number 0
 value before read : 0x93  0x5b  0xde  0xf7  0xff  0x7f  0x0  0x0  Invocation ID:233function _fini was called. Frame pointer was 0x7fffffffdb90
 Before return: SP = 0x7fffffffdb08
 Enter AfterRegMod Checking values Register Record
 	Event num: 242
 	Line #: 0
 	File: __NOCSOURCE__
 	Register: rip
 	Value: 0x0x7ffff7de5b93
 Enter AfterRegMod Checking values Register Record
 	Event num: 243
 	Line #: 0
 	File: __NOCSOURCE__
 	Register: rsp
 	Value: 0x0x7fffffffdb10
 After return : SP = 0x7fffffffdb10
